GAS LISTING /tmp/ccBxYUsh.s 			page 1


   1              		.file	"syscall_cpp.cpp"
   2              		.option pic
   3              		.option norelax
   4              		.text
   5              	.Ltext0:
   6              		.section	.text._ZN6Thread3runEv,"axG",@progbits,_ZN6Thread3runEv,comdat
   7              		.align	2
   8              		.weak	_ZN6Thread3runEv
  10              	_ZN6Thread3runEv:
  11              	.LFB0:
  12              		.file 1 "src/../h/syscall_cpp.hpp"
   1:src/../h/syscall_cpp.hpp **** #ifndef SYSCALL_CPP_HPP
   2:src/../h/syscall_cpp.hpp **** #define SYSCALL_CPP_HPP
   3:src/../h/syscall_cpp.hpp **** 
   4:src/../h/syscall_cpp.hpp **** #include "syscall_c.h"
   5:src/../h/syscall_cpp.hpp **** 
   6:src/../h/syscall_cpp.hpp **** void* operator new (size_t n);
   7:src/../h/syscall_cpp.hpp **** void *operator new[](size_t n);
   8:src/../h/syscall_cpp.hpp **** void operator delete[](void *p);
   9:src/../h/syscall_cpp.hpp **** void operator delete (void* p);
  10:src/../h/syscall_cpp.hpp **** 
  11:src/../h/syscall_cpp.hpp **** class Thread {
  12:src/../h/syscall_cpp.hpp **** public:
  13:src/../h/syscall_cpp.hpp ****     Thread (void (*body)(void*), void* arg);
  14:src/../h/syscall_cpp.hpp ****     virtual ~Thread ();
  15:src/../h/syscall_cpp.hpp ****     int start ();
  16:src/../h/syscall_cpp.hpp ****     static void dispatch ();
  17:src/../h/syscall_cpp.hpp ****     static int sleep (time_t);
  18:src/../h/syscall_cpp.hpp **** protected:
  19:src/../h/syscall_cpp.hpp ****     Thread ();
  20:src/../h/syscall_cpp.hpp ****     virtual void run () {}
  13              		.loc 1 20 18
  14              		.cfi_startproc
  15              	.LVL0:
  16 0000 130101FF 		addi	sp,sp,-16
  17              		.cfi_def_cfa_offset 16
  18 0004 23348100 		sd	s0,8(sp)
  19              		.cfi_offset 8, -8
  20 0008 13040101 		addi	s0,sp,16
  21              		.cfi_def_cfa 8, 0
  22              		.loc 1 20 26 is_stmt 0
  23 000c 03348100 		ld	s0,8(sp)
  24              		.cfi_restore 8
  25              		.cfi_def_cfa 2, 16
  26 0010 13010101 		addi	sp,sp,16
  27              		.cfi_def_cfa_offset 0
  28 0014 67800000 		jr	ra
  29              		.cfi_endproc
  30              	.LFE0:
  32              		.section	.text._ZN6Thread10runWrapperEPv,"axG",@progbits,_ZN6Thread10runWrapperEPv,comdat
  33              		.align	2
  34              		.weak	_ZN6Thread10runWrapperEPv
  36              	_ZN6Thread10runWrapperEPv:
  37              	.LFB1:
  21:src/../h/syscall_cpp.hpp **** private:
  22:src/../h/syscall_cpp.hpp ****     thread_t myHandle = nullptr;
  23:src/../h/syscall_cpp.hpp ****     void (*body)(void*); void* arg;
GAS LISTING /tmp/ccBxYUsh.s 			page 2


  24:src/../h/syscall_cpp.hpp **** 
  25:src/../h/syscall_cpp.hpp ****     static void runWrapper(void* t)
  38              		.loc 1 25 17 is_stmt 1
  39              		.cfi_startproc
  40              	.LVL1:
  26:src/../h/syscall_cpp.hpp ****     {
  27:src/../h/syscall_cpp.hpp ****         if(t)
  41              		.loc 1 27 9
  42 0000 63080502 		beqz	a0,.L6
  25:src/../h/syscall_cpp.hpp ****     {
  43              		.loc 1 25 17 is_stmt 0
  44 0004 130101FF 		addi	sp,sp,-16
  45              		.cfi_def_cfa_offset 16
  46 0008 23341100 		sd	ra,8(sp)
  47 000c 23308100 		sd	s0,0(sp)
  48              		.cfi_offset 1, -8
  49              		.cfi_offset 8, -16
  50 0010 13040101 		addi	s0,sp,16
  51              		.cfi_def_cfa 8, 0
  28:src/../h/syscall_cpp.hpp ****         {
  29:src/../h/syscall_cpp.hpp ****             ((Thread*)t)->run();
  52              		.loc 1 29 13 is_stmt 1
  53              		.loc 1 29 31 is_stmt 0
  54 0014 83370500 		ld	a5,0(a0)
  55 0018 83B70701 		ld	a5,16(a5)
  56              		.loc 1 29 30
  57 001c E7800700 		jalr	a5
  58              	.LVL2:
  30:src/../h/syscall_cpp.hpp ****         }
  31:src/../h/syscall_cpp.hpp ****     }
  59              		.loc 1 31 5
  60 0020 83308100 		ld	ra,8(sp)
  61              		.cfi_restore 1
  62 0024 03340100 		ld	s0,0(sp)
  63              		.cfi_restore 8
  64              		.cfi_def_cfa 2, 16
  65 0028 13010101 		addi	sp,sp,16
  66              		.cfi_def_cfa_offset 0
  67 002c 67800000 		jr	ra
  68              	.LVL3:
  69              	.L6:
  70 0030 67800000 		ret
  71              		.cfi_endproc
  72              	.LFE1:
  74              		.section	.text._ZN14PeriodicThread18periodicActivationEv,"axG",@progbits,_ZN14PeriodicThread18peri
  75              		.align	2
  76              		.weak	_ZN14PeriodicThread18periodicActivationEv
  78              	_ZN14PeriodicThread18periodicActivationEv:
  79              	.LFB2:
  32:src/../h/syscall_cpp.hpp **** };
  33:src/../h/syscall_cpp.hpp **** 
  34:src/../h/syscall_cpp.hpp **** class Semaphore {
  35:src/../h/syscall_cpp.hpp **** public:
  36:src/../h/syscall_cpp.hpp ****     Semaphore (unsigned init = 1);
  37:src/../h/syscall_cpp.hpp ****     virtual ~Semaphore ();
  38:src/../h/syscall_cpp.hpp ****     int wait ();
  39:src/../h/syscall_cpp.hpp ****     int signal ();
GAS LISTING /tmp/ccBxYUsh.s 			page 3


  40:src/../h/syscall_cpp.hpp ****     int timedWait (time_t);
  41:src/../h/syscall_cpp.hpp ****     int tryWait();
  42:src/../h/syscall_cpp.hpp **** private:
  43:src/../h/syscall_cpp.hpp ****     sem_t myHandle;
  44:src/../h/syscall_cpp.hpp **** };
  45:src/../h/syscall_cpp.hpp **** 
  46:src/../h/syscall_cpp.hpp **** class PeriodicThread : public Thread {
  47:src/../h/syscall_cpp.hpp **** public:
  48:src/../h/syscall_cpp.hpp ****     void terminate ();
  49:src/../h/syscall_cpp.hpp **** protected:
  50:src/../h/syscall_cpp.hpp ****     PeriodicThread (time_t period);
  51:src/../h/syscall_cpp.hpp ****     virtual void periodicActivation () {}
  80              		.loc 1 51 18 is_stmt 1
  81              		.cfi_startproc
  82              	.LVL4:
  83 0000 130101FF 		addi	sp,sp,-16
  84              		.cfi_def_cfa_offset 16
  85 0004 23348100 		sd	s0,8(sp)
  86              		.cfi_offset 8, -8
  87 0008 13040101 		addi	s0,sp,16
  88              		.cfi_def_cfa 8, 0
  89              		.loc 1 51 41 is_stmt 0
  90 000c 03348100 		ld	s0,8(sp)
  91              		.cfi_restore 8
  92              		.cfi_def_cfa 2, 16
  93 0010 13010101 		addi	sp,sp,16
  94              		.cfi_def_cfa_offset 0
  95 0014 67800000 		jr	ra
  96              		.cfi_endproc
  97              	.LFE2:
  99              		.text
 100              		.align	2
 101              		.globl	_ZN6ThreadD2Ev
 103              	_ZN6ThreadD2Ev:
 104              	.LFB31:
 105              		.file 2 "src/syscall_cpp.cpp"
   1:src/syscall_cpp.cpp **** #include "../h/syscall_cpp.hpp"
   2:src/syscall_cpp.cpp **** #include "../h/tcb.hpp"
   3:src/syscall_cpp.cpp **** 
   4:src/syscall_cpp.cpp **** Thread::Thread (void (*body)(void*), void* arg)
   5:src/syscall_cpp.cpp **** {
   6:src/syscall_cpp.cpp ****     this->body = body;
   7:src/syscall_cpp.cpp ****     this->arg = arg;
   8:src/syscall_cpp.cpp **** }
   9:src/syscall_cpp.cpp **** 
  10:src/syscall_cpp.cpp **** Thread::Thread():Thread(nullptr, nullptr)
  11:src/syscall_cpp.cpp **** {
  12:src/syscall_cpp.cpp ****     //Thread(nullptr, nullptr);
  13:src/syscall_cpp.cpp ****     //ovde upisuje nesto u body i program staje
  14:src/syscall_cpp.cpp **** }
  15:src/syscall_cpp.cpp **** 
  16:src/syscall_cpp.cpp **** 
  17:src/syscall_cpp.cpp **** void Thread::dispatch()
  18:src/syscall_cpp.cpp **** {
  19:src/syscall_cpp.cpp ****     thread_dispatch();
  20:src/syscall_cpp.cpp **** }
  21:src/syscall_cpp.cpp **** 
GAS LISTING /tmp/ccBxYUsh.s 			page 4


  22:src/syscall_cpp.cpp **** Thread::~Thread()
 106              		.loc 2 22 1 is_stmt 1
 107              		.cfi_startproc
 108              		.cfi_personality 0x9b,DW.ref.__gxx_personality_v0
 109              		.cfi_lsda 0x1b,.LLSDA31
 110              	.LVL5:
 111 0000 130101FE 		addi	sp,sp,-32
 112              		.cfi_def_cfa_offset 32
 113 0004 233C1100 		sd	ra,24(sp)
 114 0008 23388100 		sd	s0,16(sp)
 115 000c 23349100 		sd	s1,8(sp)
 116              		.cfi_offset 1, -8
 117              		.cfi_offset 8, -16
 118              		.cfi_offset 9, -24
 119 0010 13040102 		addi	s0,sp,32
 120              		.cfi_def_cfa 8, 0
 121              	.LBB9:
 122              		.loc 2 22 17 is_stmt 0
 123 0014 97070000 		lla	a5,_ZTV6Thread+16
 123      93870700 
 124 001c 2330F500 		sd	a5,0(a0)
  23:src/syscall_cpp.cpp **** {
  24:src/syscall_cpp.cpp ****     delete (TCB*)myHandle;
 125              		.loc 2 24 5 is_stmt 1
 126              		.loc 2 24 18 is_stmt 0
 127 0020 83348500 		ld	s1,8(a0)
 128              		.loc 2 24 26
 129 0024 63800402 		beqz	s1,.L11
 130              	.LVL6:
 131              	.LBB10:
 132              	.LBB11:
 133              		.file 3 "src/../h/tcb.hpp"
   1:src/../h/tcb.hpp **** #ifndef OS1_VEZBE07_RISCV_CONTEXT_SWITCH_2_INTERRUPT_TCB_HPP
   2:src/../h/tcb.hpp **** #define OS1_VEZBE07_RISCV_CONTEXT_SWITCH_2_INTERRUPT_TCB_HPP
   3:src/../h/tcb.hpp **** 
   4:src/../h/tcb.hpp **** #include "../lib/hw.h"
   5:src/../h/tcb.hpp **** #include "scheduler.hpp"
   6:src/../h/tcb.hpp **** #include "syscall_c.h"
   7:src/../h/tcb.hpp **** class TCB
   8:src/../h/tcb.hpp **** {
   9:src/../h/tcb.hpp **** public:
  10:src/../h/tcb.hpp **** 
  11:src/../h/tcb.hpp ****     void setStatus(int s) { status = s; }
  12:src/../h/tcb.hpp ****     //s = 01 (1)blocked
  13:src/../h/tcb.hpp ****     //s = 10 (2)sleeping
  14:src/../h/tcb.hpp ****     //s = 11 (3)blocked i sleeping
  15:src/../h/tcb.hpp ****     int readStatus(){ return status; }
  16:src/../h/tcb.hpp **** 
  17:src/../h/tcb.hpp ****     ~TCB() { delete[] stack; }
 134              		.loc 3 17 14 is_stmt 1
 135              		.loc 3 17 23 is_stmt 0
 136 0028 03B58400 		ld	a0,8(s1)
 137              	.LVL7:
 138              		.loc 3 17 28
 139 002c 63060500 		beqz	a0,.L13
 140              		.loc 3 17 23
 141 0030 97000000 		call	_ZdaPv@plt
GAS LISTING /tmp/ccBxYUsh.s 			page 5


 141      E7800000 
 142              	.LVL8:
 143              	.L13:
 144              	.LBE11:
 145              	.LBE10:
 146              		.loc 2 24 18
 147 0038 13850400 		mv	a0,s1
 148 003c 97000000 		call	_ZdlPv@plt
 148      E7800000 
 149              	.LVL9:
 150              	.L11:
 151              	.LBE9:
  25:src/syscall_cpp.cpp **** }
 152              		.loc 2 25 1
 153 0044 83308101 		ld	ra,24(sp)
 154              		.cfi_restore 1
 155 0048 03340101 		ld	s0,16(sp)
 156              		.cfi_restore 8
 157              		.cfi_def_cfa 2, 32
 158 004c 83348100 		ld	s1,8(sp)
 159              		.cfi_restore 9
 160 0050 13010102 		addi	sp,sp,32
 161              		.cfi_def_cfa_offset 0
 162 0054 67800000 		jr	ra
 163              		.cfi_endproc
 164              	.LFE31:
 165              		.globl	__gxx_personality_v0
 166              		.section	.gcc_except_table,"a",@progbits
 167              	.LLSDA31:
 168 0000 FF       		.byte	0xff
 169 0001 FF       		.byte	0xff
 170 0002 03       		.byte	0x3
 171 0003 00       		.byte	0
 172              		.text
 174              		.globl	_ZN6ThreadD1Ev
 175              		.set	_ZN6ThreadD1Ev,_ZN6ThreadD2Ev
 176              		.align	2
 177              		.globl	_ZN6ThreadD0Ev
 179              	_ZN6ThreadD0Ev:
 180              	.LFB33:
  22:src/syscall_cpp.cpp **** {
 181              		.loc 2 22 1 is_stmt 1
 182              		.cfi_startproc
 183              	.LVL10:
 184 0058 130101FE 		addi	sp,sp,-32
 185              		.cfi_def_cfa_offset 32
 186 005c 233C1100 		sd	ra,24(sp)
 187 0060 23388100 		sd	s0,16(sp)
 188 0064 23349100 		sd	s1,8(sp)
 189              		.cfi_offset 1, -8
 190              		.cfi_offset 8, -16
 191              		.cfi_offset 9, -24
 192 0068 13040102 		addi	s0,sp,32
 193              		.cfi_def_cfa 8, 0
 194 006c 93040500 		mv	s1,a0
 195              		.loc 2 25 1 is_stmt 0
 196 0070 97000000 		call	_ZN6ThreadD1Ev
GAS LISTING /tmp/ccBxYUsh.s 			page 6


 196      E7800000 
 197              	.LVL11:
 198 0078 13850400 		mv	a0,s1
 199 007c 97000000 		call	_ZdlPv@plt
 199      E7800000 
 200              	.LVL12:
 201 0084 83308101 		ld	ra,24(sp)
 202              		.cfi_restore 1
 203 0088 03340101 		ld	s0,16(sp)
 204              		.cfi_restore 8
 205              		.cfi_def_cfa 2, 32
 206 008c 83348100 		ld	s1,8(sp)
 207              		.cfi_restore 9
 208              	.LVL13:
 209 0090 13010102 		addi	sp,sp,32
 210              		.cfi_def_cfa_offset 0
 211 0094 67800000 		jr	ra
 212              		.cfi_endproc
 213              	.LFE33:
 215              		.section	.text._ZN14PeriodicThreadD2Ev,"axG",@progbits,_ZN14PeriodicThreadD5Ev,comdat
 216              		.align	2
 217              		.weak	_ZN14PeriodicThreadD2Ev
 219              	_ZN14PeriodicThreadD2Ev:
 220              	.LFB53:
  46:src/../h/syscall_cpp.hpp **** public:
 221              		.loc 1 46 7 is_stmt 1
 222              		.cfi_startproc
 223              	.LVL14:
 224 0000 130101FF 		addi	sp,sp,-16
 225              		.cfi_def_cfa_offset 16
 226 0004 23341100 		sd	ra,8(sp)
 227 0008 23308100 		sd	s0,0(sp)
 228              		.cfi_offset 1, -8
 229              		.cfi_offset 8, -16
 230 000c 13040101 		addi	s0,sp,16
 231              		.cfi_def_cfa 8, 0
 232              	.LBB12:
  46:src/../h/syscall_cpp.hpp **** public:
 233              		.loc 1 46 7 is_stmt 0
 234 0010 97070000 		lla	a5,_ZTV14PeriodicThread+16
 234      93870700 
 235 0018 2330F500 		sd	a5,0(a0)
 236 001c 97000000 		call	_ZN6ThreadD2Ev
 236      E7800000 
 237              	.LVL15:
 238              	.LBE12:
 239 0024 83308100 		ld	ra,8(sp)
 240              		.cfi_restore 1
 241 0028 03340100 		ld	s0,0(sp)
 242              		.cfi_restore 8
 243              		.cfi_def_cfa 2, 16
 244 002c 13010101 		addi	sp,sp,16
 245              		.cfi_def_cfa_offset 0
 246 0030 67800000 		jr	ra
 247              		.cfi_endproc
 248              	.LFE53:
 250              		.weak	_ZN14PeriodicThreadD1Ev
GAS LISTING /tmp/ccBxYUsh.s 			page 7


 251              		.set	_ZN14PeriodicThreadD1Ev,_ZN14PeriodicThreadD2Ev
 252              		.section	.text._ZN14PeriodicThreadD0Ev,"axG",@progbits,_ZN14PeriodicThreadD5Ev,comdat
 253              		.align	2
 254              		.weak	_ZN14PeriodicThreadD0Ev
 256              	_ZN14PeriodicThreadD0Ev:
 257              	.LFB55:
  46:src/../h/syscall_cpp.hpp **** public:
 258              		.loc 1 46 7 is_stmt 1
 259              		.cfi_startproc
 260              	.LVL16:
 261 0000 130101FE 		addi	sp,sp,-32
 262              		.cfi_def_cfa_offset 32
 263 0004 233C1100 		sd	ra,24(sp)
 264 0008 23388100 		sd	s0,16(sp)
 265 000c 23349100 		sd	s1,8(sp)
 266              		.cfi_offset 1, -8
 267              		.cfi_offset 8, -16
 268              		.cfi_offset 9, -24
 269 0010 13040102 		addi	s0,sp,32
 270              		.cfi_def_cfa 8, 0
 271 0014 93040500 		mv	s1,a0
 272              	.LVL17:
 273              	.LBB13:
 274              	.LBB14:
  46:src/../h/syscall_cpp.hpp **** public:
 275              		.loc 1 46 7 is_stmt 0
 276 0018 97070000 		lla	a5,_ZTV14PeriodicThread+16
 276      93870700 
 277 0020 2330F500 		sd	a5,0(a0)
 278 0024 97000000 		call	_ZN6ThreadD2Ev
 278      E7800000 
 279              	.LVL18:
 280              	.LBE14:
 281              	.LBE13:
 282 002c 13850400 		mv	a0,s1
 283 0030 97000000 		call	_ZdlPv@plt
 283      E7800000 
 284              	.LVL19:
 285 0038 83308101 		ld	ra,24(sp)
 286              		.cfi_restore 1
 287 003c 03340101 		ld	s0,16(sp)
 288              		.cfi_restore 8
 289              		.cfi_def_cfa 2, 32
 290 0040 83348100 		ld	s1,8(sp)
 291              		.cfi_restore 9
 292              	.LVL20:
 293 0044 13010102 		addi	sp,sp,32
 294              		.cfi_def_cfa_offset 0
 295 0048 67800000 		jr	ra
 296              		.cfi_endproc
 297              	.LFE55:
 299              		.section	.text._ZN14PeriodicThread3runEv,"axG",@progbits,_ZN14PeriodicThread3runEv,comdat
 300              		.align	2
 301              		.weak	_ZN14PeriodicThread3runEv
 303              	_ZN14PeriodicThread3runEv:
 304              	.LFB3:
  52:src/../h/syscall_cpp.hpp ****     void run() override
GAS LISTING /tmp/ccBxYUsh.s 			page 8


 305              		.loc 1 52 10 is_stmt 1
 306              		.cfi_startproc
 307              	.LVL21:
 308 0000 130101FE 		addi	sp,sp,-32
 309              		.cfi_def_cfa_offset 32
 310 0004 233C1100 		sd	ra,24(sp)
 311 0008 23388100 		sd	s0,16(sp)
 312 000c 23349100 		sd	s1,8(sp)
 313              		.cfi_offset 1, -8
 314              		.cfi_offset 8, -16
 315              		.cfi_offset 9, -24
 316 0010 13040102 		addi	s0,sp,32
 317              		.cfi_def_cfa 8, 0
 318 0014 93040500 		mv	s1,a0
 319              	.LVL22:
 320              	.L22:
  53:src/../h/syscall_cpp.hpp ****     {
  54:src/../h/syscall_cpp.hpp ****         while (true)
 321              		.loc 1 54 9 discriminator 1
  55:src/../h/syscall_cpp.hpp ****         {
  56:src/../h/syscall_cpp.hpp ****             periodicActivation();
 322              		.loc 1 56 13 discriminator 1
 323              		.loc 1 56 32 is_stmt 0 discriminator 1
 324 0018 83B70400 		ld	a5,0(s1)
 325 001c 83B78701 		ld	a5,24(a5)
 326              		.loc 1 56 31 discriminator 1
 327 0020 13850400 		mv	a0,s1
 328 0024 E7800700 		jalr	a5
 329              	.LVL23:
  57:src/../h/syscall_cpp.hpp ****             time_sleep(period);
 330              		.loc 1 57 13 is_stmt 1 discriminator 1
 331              		.loc 1 57 23 is_stmt 0 discriminator 1
 332 0028 03B50402 		ld	a0,32(s1)
 333 002c 97000000 		call	_Z10time_sleepm@plt
 333      E7800000 
 334              	.LVL24:
  54:src/../h/syscall_cpp.hpp ****         {
 335              		.loc 1 54 9 is_stmt 1 discriminator 1
 336 0034 6FF05FFE 		j	.L22
 337              		.cfi_endproc
 338              	.LFE3:
 340              		.text
 341              		.align	2
 342              		.globl	_ZN9SemaphoreD2Ev
 344              	_ZN9SemaphoreD2Ev:
 345              	.LFB40:
  26:src/syscall_cpp.cpp **** 
  27:src/syscall_cpp.cpp **** int Thread::start()
  28:src/syscall_cpp.cpp **** {
  29:src/syscall_cpp.cpp ****     if(body == nullptr)
  30:src/syscall_cpp.cpp ****     {
  31:src/syscall_cpp.cpp ****         return thread_create(&myHandle, &runWrapper, this);
  32:src/syscall_cpp.cpp ****     }
  33:src/syscall_cpp.cpp ****     return thread_create(&myHandle, body, arg);
  34:src/syscall_cpp.cpp **** }
  35:src/syscall_cpp.cpp **** 
  36:src/syscall_cpp.cpp **** int Thread::sleep(time_t t)
GAS LISTING /tmp/ccBxYUsh.s 			page 9


  37:src/syscall_cpp.cpp **** {
  38:src/syscall_cpp.cpp ****     return time_sleep(t);
  39:src/syscall_cpp.cpp **** }
  40:src/syscall_cpp.cpp **** 
  41:src/syscall_cpp.cpp **** Semaphore::Semaphore(unsigned init)
  42:src/syscall_cpp.cpp **** {
  43:src/syscall_cpp.cpp ****     sem_open(&myHandle, init);
  44:src/syscall_cpp.cpp **** }
  45:src/syscall_cpp.cpp **** 
  46:src/syscall_cpp.cpp **** Semaphore::~Semaphore()
 346              		.loc 2 46 1
 347              		.cfi_startproc
 348              		.cfi_personality 0x9b,DW.ref.__gxx_personality_v0
 349              		.cfi_lsda 0x1b,.LLSDA40
 350              	.LVL25:
 351 0098 130101FF 		addi	sp,sp,-16
 352              		.cfi_def_cfa_offset 16
 353 009c 23341100 		sd	ra,8(sp)
 354 00a0 23308100 		sd	s0,0(sp)
 355              		.cfi_offset 1, -8
 356              		.cfi_offset 8, -16
 357 00a4 13040101 		addi	s0,sp,16
 358              		.cfi_def_cfa 8, 0
 359              	.LBB15:
 360              		.loc 2 46 23 is_stmt 0
 361 00a8 97070000 		lla	a5,_ZTV9Semaphore+16
 361      93870700 
 362 00b0 2330F500 		sd	a5,0(a0)
  47:src/syscall_cpp.cpp **** {
  48:src/syscall_cpp.cpp ****     sem_close(myHandle);
 363              		.loc 2 48 5 is_stmt 1
 364              		.loc 2 48 14 is_stmt 0
 365 00b4 03358500 		ld	a0,8(a0)
 366              	.LVL26:
 367 00b8 97000000 		call	_Z9sem_closeP4_sem@plt
 367      E7800000 
 368              	.LVL27:
 369              	.LBE15:
  49:src/syscall_cpp.cpp **** }
 370              		.loc 2 49 1
 371 00c0 83308100 		ld	ra,8(sp)
 372              		.cfi_restore 1
 373 00c4 03340100 		ld	s0,0(sp)
 374              		.cfi_restore 8
 375              		.cfi_def_cfa 2, 16
 376 00c8 13010101 		addi	sp,sp,16
 377              		.cfi_def_cfa_offset 0
 378 00cc 67800000 		jr	ra
 379              		.cfi_endproc
 380              	.LFE40:
 381              		.section	.gcc_except_table
 382              	.LLSDA40:
 383 0004 FF       		.byte	0xff
 384 0005 FF       		.byte	0xff
 385 0006 03       		.byte	0x3
 386 0007 00       		.byte	0
 387              		.text
GAS LISTING /tmp/ccBxYUsh.s 			page 10


 389              		.globl	_ZN9SemaphoreD1Ev
 390              		.set	_ZN9SemaphoreD1Ev,_ZN9SemaphoreD2Ev
 391              		.align	2
 392              		.globl	_ZN9SemaphoreD0Ev
 394              	_ZN9SemaphoreD0Ev:
 395              	.LFB42:
  46:src/syscall_cpp.cpp **** {
 396              		.loc 2 46 1 is_stmt 1
 397              		.cfi_startproc
 398              	.LVL28:
 399 00d0 130101FE 		addi	sp,sp,-32
 400              		.cfi_def_cfa_offset 32
 401 00d4 233C1100 		sd	ra,24(sp)
 402 00d8 23388100 		sd	s0,16(sp)
 403 00dc 23349100 		sd	s1,8(sp)
 404              		.cfi_offset 1, -8
 405              		.cfi_offset 8, -16
 406              		.cfi_offset 9, -24
 407 00e0 13040102 		addi	s0,sp,32
 408              		.cfi_def_cfa 8, 0
 409 00e4 93040500 		mv	s1,a0
 410              		.loc 2 49 1 is_stmt 0
 411 00e8 97000000 		call	_ZN9SemaphoreD1Ev
 411      E7800000 
 412              	.LVL29:
 413 00f0 13850400 		mv	a0,s1
 414 00f4 97000000 		call	_ZdlPv@plt
 414      E7800000 
 415              	.LVL30:
 416 00fc 83308101 		ld	ra,24(sp)
 417              		.cfi_restore 1
 418 0100 03340101 		ld	s0,16(sp)
 419              		.cfi_restore 8
 420              		.cfi_def_cfa 2, 32
 421 0104 83348100 		ld	s1,8(sp)
 422              		.cfi_restore 9
 423              	.LVL31:
 424 0108 13010102 		addi	sp,sp,32
 425              		.cfi_def_cfa_offset 0
 426 010c 67800000 		jr	ra
 427              		.cfi_endproc
 428              	.LFE42:
 430              		.align	2
 431              		.globl	_ZN6ThreadC2EPFvPvES0_
 433              	_ZN6ThreadC2EPFvPvES0_:
 434              	.LFB24:
   4:src/syscall_cpp.cpp **** {
 435              		.loc 2 4 1 is_stmt 1
 436              		.cfi_startproc
 437              	.LVL32:
 438 0110 130101FF 		addi	sp,sp,-16
 439              		.cfi_def_cfa_offset 16
 440 0114 23348100 		sd	s0,8(sp)
 441              		.cfi_offset 8, -8
 442 0118 13040101 		addi	s0,sp,16
 443              		.cfi_def_cfa 8, 0
 444              	.LBB16:
GAS LISTING /tmp/ccBxYUsh.s 			page 11


   4:src/syscall_cpp.cpp **** {
 445              		.loc 2 4 47 is_stmt 0
 446 011c 97070000 		lla	a5,_ZTV6Thread+16
 446      93870700 
 447 0124 2330F500 		sd	a5,0(a0)
 448 0128 23340500 		sd	zero,8(a0)
   6:src/syscall_cpp.cpp ****     this->arg = arg;
 449              		.loc 2 6 5 is_stmt 1
   6:src/syscall_cpp.cpp ****     this->arg = arg;
 450              		.loc 2 6 16 is_stmt 0
 451 012c 2338B500 		sd	a1,16(a0)
   7:src/syscall_cpp.cpp **** }
 452              		.loc 2 7 5 is_stmt 1
   7:src/syscall_cpp.cpp **** }
 453              		.loc 2 7 15 is_stmt 0
 454 0130 233CC500 		sd	a2,24(a0)
 455              	.LBE16:
   8:src/syscall_cpp.cpp **** 
 456              		.loc 2 8 1
 457 0134 03348100 		ld	s0,8(sp)
 458              		.cfi_restore 8
 459              		.cfi_def_cfa 2, 16
 460 0138 13010101 		addi	sp,sp,16
 461              		.cfi_def_cfa_offset 0
 462 013c 67800000 		jr	ra
 463              		.cfi_endproc
 464              	.LFE24:
 466              		.globl	_ZN6ThreadC1EPFvPvES0_
 467              		.set	_ZN6ThreadC1EPFvPvES0_,_ZN6ThreadC2EPFvPvES0_
 468              		.align	2
 469              		.globl	_ZN6ThreadC2Ev
 471              	_ZN6ThreadC2Ev:
 472              	.LFB27:
  10:src/syscall_cpp.cpp **** {
 473              		.loc 2 10 1 is_stmt 1
 474              		.cfi_startproc
 475              	.LVL33:
 476 0140 130101FF 		addi	sp,sp,-16
 477              		.cfi_def_cfa_offset 16
 478 0144 23341100 		sd	ra,8(sp)
 479 0148 23308100 		sd	s0,0(sp)
 480              		.cfi_offset 1, -8
 481              		.cfi_offset 8, -16
 482 014c 13040101 		addi	s0,sp,16
 483              		.cfi_def_cfa 8, 0
 484              	.LBB17:
  10:src/syscall_cpp.cpp **** {
 485              		.loc 2 10 41 is_stmt 0
 486 0150 13060000 		li	a2,0
 487 0154 93050000 		li	a1,0
 488 0158 97000000 		call	_ZN6ThreadC1EPFvPvES0_
 488      E7800000 
 489              	.LVL34:
 490              	.LBE17:
  14:src/syscall_cpp.cpp **** 
 491              		.loc 2 14 1
 492 0160 83308100 		ld	ra,8(sp)
GAS LISTING /tmp/ccBxYUsh.s 			page 12


 493              		.cfi_restore 1
 494 0164 03340100 		ld	s0,0(sp)
 495              		.cfi_restore 8
 496              		.cfi_def_cfa 2, 16
 497 0168 13010101 		addi	sp,sp,16
 498              		.cfi_def_cfa_offset 0
 499 016c 67800000 		jr	ra
 500              		.cfi_endproc
 501              	.LFE27:
 503              		.globl	_ZN6ThreadC1Ev
 504              		.set	_ZN6ThreadC1Ev,_ZN6ThreadC2Ev
 505              		.align	2
 506              		.globl	_ZN6Thread8dispatchEv
 508              	_ZN6Thread8dispatchEv:
 509              	.LFB29:
  18:src/syscall_cpp.cpp ****     thread_dispatch();
 510              		.loc 2 18 1 is_stmt 1
 511              		.cfi_startproc
 512 0170 130101FF 		addi	sp,sp,-16
 513              		.cfi_def_cfa_offset 16
 514 0174 23341100 		sd	ra,8(sp)
 515 0178 23308100 		sd	s0,0(sp)
 516              		.cfi_offset 1, -8
 517              		.cfi_offset 8, -16
 518 017c 13040101 		addi	s0,sp,16
 519              		.cfi_def_cfa 8, 0
  19:src/syscall_cpp.cpp **** }
 520              		.loc 2 19 5
  19:src/syscall_cpp.cpp **** }
 521              		.loc 2 19 20 is_stmt 0
 522 0180 97000000 		call	_Z15thread_dispatchv@plt
 522      E7800000 
 523              	.LVL35:
  20:src/syscall_cpp.cpp **** 
 524              		.loc 2 20 1
 525 0188 83308100 		ld	ra,8(sp)
 526              		.cfi_restore 1
 527 018c 03340100 		ld	s0,0(sp)
 528              		.cfi_restore 8
 529              		.cfi_def_cfa 2, 16
 530 0190 13010101 		addi	sp,sp,16
 531              		.cfi_def_cfa_offset 0
 532 0194 67800000 		jr	ra
 533              		.cfi_endproc
 534              	.LFE29:
 536              		.align	2
 537              		.globl	_ZN6Thread5startEv
 539              	_ZN6Thread5startEv:
 540              	.LFB34:
  28:src/syscall_cpp.cpp ****     if(body == nullptr)
 541              		.loc 2 28 1 is_stmt 1
 542              		.cfi_startproc
 543              	.LVL36:
 544 0198 130101FF 		addi	sp,sp,-16
 545              		.cfi_def_cfa_offset 16
 546 019c 23341100 		sd	ra,8(sp)
 547 01a0 23308100 		sd	s0,0(sp)
GAS LISTING /tmp/ccBxYUsh.s 			page 13


 548              		.cfi_offset 1, -8
 549              		.cfi_offset 8, -16
 550 01a4 13040101 		addi	s0,sp,16
 551              		.cfi_def_cfa 8, 0
  29:src/syscall_cpp.cpp ****     {
 552              		.loc 2 29 5
  29:src/syscall_cpp.cpp ****     {
 553              		.loc 2 29 8 is_stmt 0
 554 01a8 83350501 		ld	a1,16(a0)
  29:src/syscall_cpp.cpp ****     {
 555              		.loc 2 29 5
 556 01ac 63820502 		beqz	a1,.L38
  33:src/syscall_cpp.cpp **** }
 557              		.loc 2 33 5 is_stmt 1
  33:src/syscall_cpp.cpp **** }
 558              		.loc 2 33 25 is_stmt 0
 559 01b0 03368501 		ld	a2,24(a0)
 560 01b4 13058500 		addi	a0,a0,8
 561              	.LVL37:
 562 01b8 97000000 		call	_Z13thread_createPP7_threadPFvPvES2_@plt
 562      E7800000 
 563              	.LVL38:
 564              	.L36:
  34:src/syscall_cpp.cpp **** 
 565              		.loc 2 34 1
 566 01c0 83308100 		ld	ra,8(sp)
 567              		.cfi_remember_state
 568              		.cfi_restore 1
 569 01c4 03340100 		ld	s0,0(sp)
 570              		.cfi_restore 8
 571              		.cfi_def_cfa 2, 16
 572 01c8 13010101 		addi	sp,sp,16
 573              		.cfi_def_cfa_offset 0
 574 01cc 67800000 		jr	ra
 575              	.LVL39:
 576              	.L38:
 577              		.cfi_restore_state
  31:src/syscall_cpp.cpp ****     }
 578              		.loc 2 31 9 is_stmt 1
  31:src/syscall_cpp.cpp ****     }
 579              		.loc 2 31 29 is_stmt 0
 580 01d0 13060500 		mv	a2,a0
 581 01d4 97050000 		lla	a1,_ZN6Thread10runWrapperEPv
 581      93850500 
 582 01dc 13058500 		addi	a0,a0,8
 583              	.LVL40:
 584 01e0 97000000 		call	_Z13thread_createPP7_threadPFvPvES2_@plt
 584      E7800000 
 585              	.LVL41:
  31:src/syscall_cpp.cpp ****     }
 586              		.loc 2 31 58
 587 01e8 6FF09FFD 		j	.L36
 588              		.cfi_endproc
 589              	.LFE34:
 591              		.align	2
 592              		.globl	_ZN6Thread5sleepEm
 594              	_ZN6Thread5sleepEm:
GAS LISTING /tmp/ccBxYUsh.s 			page 14


 595              	.LFB35:
  37:src/syscall_cpp.cpp ****     return time_sleep(t);
 596              		.loc 2 37 1 is_stmt 1
 597              		.cfi_startproc
 598              	.LVL42:
 599 01ec 130101FF 		addi	sp,sp,-16
 600              		.cfi_def_cfa_offset 16
 601 01f0 23341100 		sd	ra,8(sp)
 602 01f4 23308100 		sd	s0,0(sp)
 603              		.cfi_offset 1, -8
 604              		.cfi_offset 8, -16
 605 01f8 13040101 		addi	s0,sp,16
 606              		.cfi_def_cfa 8, 0
  38:src/syscall_cpp.cpp **** }
 607              		.loc 2 38 5
  38:src/syscall_cpp.cpp **** }
 608              		.loc 2 38 22 is_stmt 0
 609 01fc 97000000 		call	_Z10time_sleepm@plt
 609      E7800000 
 610              	.LVL43:
  39:src/syscall_cpp.cpp **** 
 611              		.loc 2 39 1
 612 0204 83308100 		ld	ra,8(sp)
 613              		.cfi_restore 1
 614 0208 03340100 		ld	s0,0(sp)
 615              		.cfi_restore 8
 616              		.cfi_def_cfa 2, 16
 617 020c 13010101 		addi	sp,sp,16
 618              		.cfi_def_cfa_offset 0
 619 0210 67800000 		jr	ra
 620              		.cfi_endproc
 621              	.LFE35:
 623              		.align	2
 624              		.globl	_ZN9SemaphoreC2Ej
 626              	_ZN9SemaphoreC2Ej:
 627              	.LFB37:
  41:src/syscall_cpp.cpp **** {
 628              		.loc 2 41 1 is_stmt 1
 629              		.cfi_startproc
 630              	.LVL44:
 631 0214 130101FF 		addi	sp,sp,-16
 632              		.cfi_def_cfa_offset 16
 633 0218 23341100 		sd	ra,8(sp)
 634 021c 23308100 		sd	s0,0(sp)
 635              		.cfi_offset 1, -8
 636              		.cfi_offset 8, -16
 637 0220 13040101 		addi	s0,sp,16
 638              		.cfi_def_cfa 8, 0
 639              	.LBB18:
  41:src/syscall_cpp.cpp **** {
 640              		.loc 2 41 35 is_stmt 0
 641 0224 97070000 		lla	a5,_ZTV9Semaphore+16
 641      93870700 
 642 022c 2330F500 		sd	a5,0(a0)
  43:src/syscall_cpp.cpp **** }
 643              		.loc 2 43 5 is_stmt 1
  43:src/syscall_cpp.cpp **** }
GAS LISTING /tmp/ccBxYUsh.s 			page 15


 644              		.loc 2 43 13 is_stmt 0
 645 0230 13058500 		addi	a0,a0,8
 646              	.LVL45:
 647 0234 97000000 		call	_Z8sem_openPP4_semj@plt
 647      E7800000 
 648              	.LVL46:
 649              	.LBE18:
  44:src/syscall_cpp.cpp **** 
 650              		.loc 2 44 1
 651 023c 83308100 		ld	ra,8(sp)
 652              		.cfi_restore 1
 653 0240 03340100 		ld	s0,0(sp)
 654              		.cfi_restore 8
 655              		.cfi_def_cfa 2, 16
 656 0244 13010101 		addi	sp,sp,16
 657              		.cfi_def_cfa_offset 0
 658 0248 67800000 		jr	ra
 659              		.cfi_endproc
 660              	.LFE37:
 662              		.globl	_ZN9SemaphoreC1Ej
 663              		.set	_ZN9SemaphoreC1Ej,_ZN9SemaphoreC2Ej
 664              		.align	2
 665              		.globl	_ZN9Semaphore4waitEv
 667              	_ZN9Semaphore4waitEv:
 668              	.LFB43:
  50:src/syscall_cpp.cpp **** 
  51:src/syscall_cpp.cpp **** int Semaphore::wait()
  52:src/syscall_cpp.cpp **** {
 669              		.loc 2 52 1 is_stmt 1
 670              		.cfi_startproc
 671              	.LVL47:
 672 024c 130101FF 		addi	sp,sp,-16
 673              		.cfi_def_cfa_offset 16
 674 0250 23341100 		sd	ra,8(sp)
 675 0254 23308100 		sd	s0,0(sp)
 676              		.cfi_offset 1, -8
 677              		.cfi_offset 8, -16
 678 0258 13040101 		addi	s0,sp,16
 679              		.cfi_def_cfa 8, 0
  53:src/syscall_cpp.cpp ****     return  sem_wait(myHandle);
 680              		.loc 2 53 5
 681              		.loc 2 53 21 is_stmt 0
 682 025c 03358500 		ld	a0,8(a0)
 683              	.LVL48:
 684 0260 97000000 		call	_Z8sem_waitP4_sem@plt
 684      E7800000 
 685              	.LVL49:
  54:src/syscall_cpp.cpp **** }
 686              		.loc 2 54 1
 687 0268 83308100 		ld	ra,8(sp)
 688              		.cfi_restore 1
 689 026c 03340100 		ld	s0,0(sp)
 690              		.cfi_restore 8
 691              		.cfi_def_cfa 2, 16
 692 0270 13010101 		addi	sp,sp,16
 693              		.cfi_def_cfa_offset 0
 694 0274 67800000 		jr	ra
GAS LISTING /tmp/ccBxYUsh.s 			page 16


 695              		.cfi_endproc
 696              	.LFE43:
 698              		.align	2
 699              		.globl	_ZN9Semaphore6signalEv
 701              	_ZN9Semaphore6signalEv:
 702              	.LFB44:
  55:src/syscall_cpp.cpp **** 
  56:src/syscall_cpp.cpp **** int Semaphore::signal()
  57:src/syscall_cpp.cpp **** {
 703              		.loc 2 57 1 is_stmt 1
 704              		.cfi_startproc
 705              	.LVL50:
 706 0278 130101FF 		addi	sp,sp,-16
 707              		.cfi_def_cfa_offset 16
 708 027c 23341100 		sd	ra,8(sp)
 709 0280 23308100 		sd	s0,0(sp)
 710              		.cfi_offset 1, -8
 711              		.cfi_offset 8, -16
 712 0284 13040101 		addi	s0,sp,16
 713              		.cfi_def_cfa 8, 0
  58:src/syscall_cpp.cpp ****     return sem_signal(myHandle);
 714              		.loc 2 58 5
 715              		.loc 2 58 22 is_stmt 0
 716 0288 03358500 		ld	a0,8(a0)
 717              	.LVL51:
 718 028c 97000000 		call	_Z10sem_signalP4_sem@plt
 718      E7800000 
 719              	.LVL52:
  59:src/syscall_cpp.cpp **** }
 720              		.loc 2 59 1
 721 0294 83308100 		ld	ra,8(sp)
 722              		.cfi_restore 1
 723 0298 03340100 		ld	s0,0(sp)
 724              		.cfi_restore 8
 725              		.cfi_def_cfa 2, 16
 726 029c 13010101 		addi	sp,sp,16
 727              		.cfi_def_cfa_offset 0
 728 02a0 67800000 		jr	ra
 729              		.cfi_endproc
 730              	.LFE44:
 732              		.align	2
 733              		.globl	_ZN9Semaphore7tryWaitEv
 735              	_ZN9Semaphore7tryWaitEv:
 736              	.LFB45:
  60:src/syscall_cpp.cpp **** 
  61:src/syscall_cpp.cpp **** int Semaphore::tryWait()
  62:src/syscall_cpp.cpp **** {
 737              		.loc 2 62 1 is_stmt 1
 738              		.cfi_startproc
 739              	.LVL53:
 740 02a4 130101FF 		addi	sp,sp,-16
 741              		.cfi_def_cfa_offset 16
 742 02a8 23341100 		sd	ra,8(sp)
 743 02ac 23308100 		sd	s0,0(sp)
 744              		.cfi_offset 1, -8
 745              		.cfi_offset 8, -16
 746 02b0 13040101 		addi	s0,sp,16
GAS LISTING /tmp/ccBxYUsh.s 			page 17


 747              		.cfi_def_cfa 8, 0
  63:src/syscall_cpp.cpp ****     return sem_trywait(myHandle);
 748              		.loc 2 63 5
 749              		.loc 2 63 23 is_stmt 0
 750 02b4 03358500 		ld	a0,8(a0)
 751              	.LVL54:
 752 02b8 97000000 		call	_Z11sem_trywaitP4_sem@plt
 752      E7800000 
 753              	.LVL55:
  64:src/syscall_cpp.cpp **** }
 754              		.loc 2 64 1
 755 02c0 83308100 		ld	ra,8(sp)
 756              		.cfi_restore 1
 757 02c4 03340100 		ld	s0,0(sp)
 758              		.cfi_restore 8
 759              		.cfi_def_cfa 2, 16
 760 02c8 13010101 		addi	sp,sp,16
 761              		.cfi_def_cfa_offset 0
 762 02cc 67800000 		jr	ra
 763              		.cfi_endproc
 764              	.LFE45:
 766              		.align	2
 767              		.globl	_ZN9Semaphore9timedWaitEm
 769              	_ZN9Semaphore9timedWaitEm:
 770              	.LFB46:
  65:src/syscall_cpp.cpp **** 
  66:src/syscall_cpp.cpp **** int Semaphore::timedWait(time_t t)
  67:src/syscall_cpp.cpp **** {
 771              		.loc 2 67 1 is_stmt 1
 772              		.cfi_startproc
 773              	.LVL56:
 774 02d0 130101FF 		addi	sp,sp,-16
 775              		.cfi_def_cfa_offset 16
 776 02d4 23341100 		sd	ra,8(sp)
 777 02d8 23308100 		sd	s0,0(sp)
 778              		.cfi_offset 1, -8
 779              		.cfi_offset 8, -16
 780 02dc 13040101 		addi	s0,sp,16
 781              		.cfi_def_cfa 8, 0
  68:src/syscall_cpp.cpp ****     return sem_timedwait(myHandle, t);
 782              		.loc 2 68 5
 783              		.loc 2 68 25 is_stmt 0
 784 02e0 03358500 		ld	a0,8(a0)
 785              	.LVL57:
 786 02e4 97000000 		call	_Z13sem_timedwaitP4_semm@plt
 786      E7800000 
 787              	.LVL58:
  69:src/syscall_cpp.cpp **** }
 788              		.loc 2 69 1
 789 02ec 83308100 		ld	ra,8(sp)
 790              		.cfi_restore 1
 791 02f0 03340100 		ld	s0,0(sp)
 792              		.cfi_restore 8
 793              		.cfi_def_cfa 2, 16
 794 02f4 13010101 		addi	sp,sp,16
 795              		.cfi_def_cfa_offset 0
 796 02f8 67800000 		jr	ra
GAS LISTING /tmp/ccBxYUsh.s 			page 18


 797              		.cfi_endproc
 798              	.LFE46:
 800              		.align	2
 801              		.globl	_ZN14PeriodicThreadC2Em
 803              	_ZN14PeriodicThreadC2Em:
 804              	.LFB48:
  70:src/syscall_cpp.cpp **** 
  71:src/syscall_cpp.cpp **** PeriodicThread::PeriodicThread (time_t period)
 805              		.loc 2 71 1 is_stmt 1
 806              		.cfi_startproc
 807              	.LVL59:
 808 02fc 130101FE 		addi	sp,sp,-32
 809              		.cfi_def_cfa_offset 32
 810 0300 233C1100 		sd	ra,24(sp)
 811 0304 23388100 		sd	s0,16(sp)
 812 0308 23349100 		sd	s1,8(sp)
 813 030c 23302101 		sd	s2,0(sp)
 814              		.cfi_offset 1, -8
 815              		.cfi_offset 8, -16
 816              		.cfi_offset 9, -24
 817              		.cfi_offset 18, -32
 818 0310 13040102 		addi	s0,sp,32
 819              		.cfi_def_cfa 8, 0
 820 0314 93040500 		mv	s1,a0
 821 0318 13890500 		mv	s2,a1
 822              	.LBB19:
 823              		.loc 2 71 46 is_stmt 0
 824 031c 97000000 		call	_ZN6ThreadC2Ev
 824      E7800000 
 825              	.LVL60:
 826 0324 97070000 		lla	a5,_ZTV14PeriodicThread+16
 826      93870700 
 827 032c 23B0F400 		sd	a5,0(s1)
  72:src/syscall_cpp.cpp **** {
  73:src/syscall_cpp.cpp ****     this->period = period;
 828              		.loc 2 73 5 is_stmt 1
 829              		.loc 2 73 18 is_stmt 0
 830 0330 23B02403 		sd	s2,32(s1)
 831              	.LBE19:
  74:src/syscall_cpp.cpp **** }
 832              		.loc 2 74 1
 833 0334 83308101 		ld	ra,24(sp)
 834              		.cfi_restore 1
 835 0338 03340101 		ld	s0,16(sp)
 836              		.cfi_restore 8
 837              		.cfi_def_cfa 2, 32
 838 033c 83348100 		ld	s1,8(sp)
 839              		.cfi_restore 9
 840              	.LVL61:
 841 0340 03390100 		ld	s2,0(sp)
 842              		.cfi_restore 18
 843              	.LVL62:
 844 0344 13010102 		addi	sp,sp,32
 845              		.cfi_def_cfa_offset 0
 846 0348 67800000 		jr	ra
 847              		.cfi_endproc
 848              	.LFE48:
GAS LISTING /tmp/ccBxYUsh.s 			page 19


 850              		.globl	_ZN14PeriodicThreadC1Em
 851              		.set	_ZN14PeriodicThreadC1Em,_ZN14PeriodicThreadC2Em
 852              		.align	2
 853              		.globl	_ZN7Console4getcEv
 855              	_ZN7Console4getcEv:
 856              	.LFB50:
  75:src/syscall_cpp.cpp **** 
  76:src/syscall_cpp.cpp **** char Console::getc ()
  77:src/syscall_cpp.cpp **** {
 857              		.loc 2 77 1 is_stmt 1
 858              		.cfi_startproc
 859 034c 130101FF 		addi	sp,sp,-16
 860              		.cfi_def_cfa_offset 16
 861 0350 23341100 		sd	ra,8(sp)
 862 0354 23308100 		sd	s0,0(sp)
 863              		.cfi_offset 1, -8
 864              		.cfi_offset 8, -16
 865 0358 13040101 		addi	s0,sp,16
 866              		.cfi_def_cfa 8, 0
  78:src/syscall_cpp.cpp ****     return ::getc();
 867              		.loc 2 78 5
 868              		.loc 2 78 18 is_stmt 0
 869 035c 97000000 		call	_Z4getcv@plt
 869      E7800000 
 870              	.LVL63:
  79:src/syscall_cpp.cpp **** }
 871              		.loc 2 79 1
 872 0364 83308100 		ld	ra,8(sp)
 873              		.cfi_restore 1
 874 0368 03340100 		ld	s0,0(sp)
 875              		.cfi_restore 8
 876              		.cfi_def_cfa 2, 16
 877 036c 13010101 		addi	sp,sp,16
 878              		.cfi_def_cfa_offset 0
 879 0370 67800000 		jr	ra
 880              		.cfi_endproc
 881              	.LFE50:
 883              		.align	2
 884              		.globl	_ZN7Console4putcEc
 886              	_ZN7Console4putcEc:
 887              	.LFB51:
  80:src/syscall_cpp.cpp **** void Console::putc (char c)
  81:src/syscall_cpp.cpp **** {
 888              		.loc 2 81 1 is_stmt 1
 889              		.cfi_startproc
 890              	.LVL64:
 891 0374 130101FF 		addi	sp,sp,-16
 892              		.cfi_def_cfa_offset 16
 893 0378 23341100 		sd	ra,8(sp)
 894 037c 23308100 		sd	s0,0(sp)
 895              		.cfi_offset 1, -8
 896              		.cfi_offset 8, -16
 897 0380 13040101 		addi	s0,sp,16
 898              		.cfi_def_cfa 8, 0
  82:src/syscall_cpp.cpp ****     ::putc(c);
 899              		.loc 2 82 5
 900              		.loc 2 82 11 is_stmt 0
GAS LISTING /tmp/ccBxYUsh.s 			page 20


 901 0384 97000000 		call	_Z4putcc@plt
 901      E7800000 
 902              	.LVL65:
  83:src/syscall_cpp.cpp **** }...
 903              		.loc 2 83 1
 904 038c 83308100 		ld	ra,8(sp)
 905              		.cfi_restore 1
 906 0390 03340100 		ld	s0,0(sp)
 907              		.cfi_restore 8
 908              		.cfi_def_cfa 2, 16
 909 0394 13010101 		addi	sp,sp,16
 910              		.cfi_def_cfa_offset 0
 911 0398 67800000 		jr	ra
 912              		.cfi_endproc
 913              	.LFE51:
 915              		.weak	_ZTV14PeriodicThread
 916              		.section	.data.rel.ro.local._ZTV14PeriodicThread,"awG",@progbits,_ZTV14PeriodicThread,comdat
 917              		.align	3
 920              	_ZTV14PeriodicThread:
 921 0000 00000000 		.dword	0
 921      00000000 
 922 0008 00000000 		.dword	0
 922      00000000 
 923 0010 00000000 		.dword	_ZN14PeriodicThreadD1Ev
 923      00000000 
 924 0018 00000000 		.dword	_ZN14PeriodicThreadD0Ev
 924      00000000 
 925 0020 00000000 		.dword	_ZN14PeriodicThread3runEv
 925      00000000 
 926 0028 00000000 		.dword	_ZN14PeriodicThread18periodicActivationEv
 926      00000000 
 927              		.weak	_ZTV6Thread
 928              		.section	.data.rel.ro.local._ZTV6Thread,"awG",@progbits,_ZTV6Thread,comdat
 929              		.align	3
 932              	_ZTV6Thread:
 933 0000 00000000 		.dword	0
 933      00000000 
 934 0008 00000000 		.dword	0
 934      00000000 
 935 0010 00000000 		.dword	_ZN6ThreadD1Ev
 935      00000000 
 936 0018 00000000 		.dword	_ZN6ThreadD0Ev
 936      00000000 
 937 0020 00000000 		.dword	_ZN6Thread3runEv
 937      00000000 
 938              		.weak	_ZTV9Semaphore
 939              		.section	.data.rel.ro.local._ZTV9Semaphore,"awG",@progbits,_ZTV9Semaphore,comdat
 940              		.align	3
 943              	_ZTV9Semaphore:
 944 0000 00000000 		.dword	0
 944      00000000 
 945 0008 00000000 		.dword	0
 945      00000000 
 946 0010 00000000 		.dword	_ZN9SemaphoreD1Ev
 946      00000000 
 947 0018 00000000 		.dword	_ZN9SemaphoreD0Ev
 947      00000000 
GAS LISTING /tmp/ccBxYUsh.s 			page 21


 948              		.text
 949              	.Letext0:
 950              		.file 4 "src/../h/../h/../lib/hw.h"
 951              		.file 5 "src/../h/syscall_c.h"
 4507              		.align	3
 4510              	DW.ref.__gxx_personality_v0:
 4511 0000 00000000 		.dword	__gxx_personality_v0
 4511      00000000 
 4512              		.ident	"GCC: (Ubuntu 9.4.0-1ubuntu1~20.04) 9.4.0"
 4513              		.section	.note.GNU-stack,"",@progbits
GAS LISTING /tmp/ccBxYUsh.s 			page 22


DEFINED SYMBOLS
                            *ABS*:0000000000000000 syscall_cpp.cpp
     /tmp/ccBxYUsh.s:10     .text._ZN6Thread3runEv:0000000000000000 _ZN6Thread3runEv
     /tmp/ccBxYUsh.s:14     .text._ZN6Thread3runEv:0000000000000000 .L0 
     /tmp/ccBxYUsh.s:16     .text._ZN6Thread3runEv:0000000000000000 .L0 
     /tmp/ccBxYUsh.s:17     .text._ZN6Thread3runEv:0000000000000004 .L0 
     /tmp/ccBxYUsh.s:19     .text._ZN6Thread3runEv:0000000000000008 .L0 
     /tmp/ccBxYUsh.s:21     .text._ZN6Thread3runEv:000000000000000c .L0 
     /tmp/ccBxYUsh.s:23     .text._ZN6Thread3runEv:000000000000000c .L0 
     /tmp/ccBxYUsh.s:24     .text._ZN6Thread3runEv:0000000000000010 .L0 
     /tmp/ccBxYUsh.s:25     .text._ZN6Thread3runEv:0000000000000010 .L0 
     /tmp/ccBxYUsh.s:27     .text._ZN6Thread3runEv:0000000000000014 .L0 
     /tmp/ccBxYUsh.s:29     .text._ZN6Thread3runEv:0000000000000018 .L0 
     /tmp/ccBxYUsh.s:36     .text._ZN6Thread10runWrapperEPv:0000000000000000 _ZN6Thread10runWrapperEPv
     /tmp/ccBxYUsh.s:39     .text._ZN6Thread10runWrapperEPv:0000000000000000 .L0 
     /tmp/ccBxYUsh.s:41     .text._ZN6Thread10runWrapperEPv:0000000000000000 .L0 
     /tmp/ccBxYUsh.s:42     .text._ZN6Thread10runWrapperEPv:0000000000000000 .L0 
     /tmp/ccBxYUsh.s:44     .text._ZN6Thread10runWrapperEPv:0000000000000004 .L0 
     /tmp/ccBxYUsh.s:45     .text._ZN6Thread10runWrapperEPv:0000000000000008 .L0 
     /tmp/ccBxYUsh.s:48     .text._ZN6Thread10runWrapperEPv:0000000000000010 .L0 
     /tmp/ccBxYUsh.s:49     .text._ZN6Thread10runWrapperEPv:0000000000000010 .L0 
     /tmp/ccBxYUsh.s:51     .text._ZN6Thread10runWrapperEPv:0000000000000014 .L0 
     /tmp/ccBxYUsh.s:53     .text._ZN6Thread10runWrapperEPv:0000000000000014 .L0 
     /tmp/ccBxYUsh.s:54     .text._ZN6Thread10runWrapperEPv:0000000000000014 .L0 
     /tmp/ccBxYUsh.s:57     .text._ZN6Thread10runWrapperEPv:000000000000001c .L0 
     /tmp/ccBxYUsh.s:60     .text._ZN6Thread10runWrapperEPv:0000000000000020 .L0 
     /tmp/ccBxYUsh.s:61     .text._ZN6Thread10runWrapperEPv:0000000000000024 .L0 
     /tmp/ccBxYUsh.s:63     .text._ZN6Thread10runWrapperEPv:0000000000000028 .L0 
     /tmp/ccBxYUsh.s:64     .text._ZN6Thread10runWrapperEPv:0000000000000028 .L0 
     /tmp/ccBxYUsh.s:66     .text._ZN6Thread10runWrapperEPv:000000000000002c .L0 
     /tmp/ccBxYUsh.s:71     .text._ZN6Thread10runWrapperEPv:0000000000000034 .L0 
     /tmp/ccBxYUsh.s:78     .text._ZN14PeriodicThread18periodicActivationEv:0000000000000000 _ZN14PeriodicThread18periodicActivationEv
     /tmp/ccBxYUsh.s:81     .text._ZN14PeriodicThread18periodicActivationEv:0000000000000000 .L0 
     /tmp/ccBxYUsh.s:83     .text._ZN14PeriodicThread18periodicActivationEv:0000000000000000 .L0 
     /tmp/ccBxYUsh.s:84     .text._ZN14PeriodicThread18periodicActivationEv:0000000000000004 .L0 
     /tmp/ccBxYUsh.s:86     .text._ZN14PeriodicThread18periodicActivationEv:0000000000000008 .L0 
     /tmp/ccBxYUsh.s:88     .text._ZN14PeriodicThread18periodicActivationEv:000000000000000c .L0 
     /tmp/ccBxYUsh.s:90     .text._ZN14PeriodicThread18periodicActivationEv:000000000000000c .L0 
     /tmp/ccBxYUsh.s:91     .text._ZN14PeriodicThread18periodicActivationEv:0000000000000010 .L0 
     /tmp/ccBxYUsh.s:92     .text._ZN14PeriodicThread18periodicActivationEv:0000000000000010 .L0 
     /tmp/ccBxYUsh.s:94     .text._ZN14PeriodicThread18periodicActivationEv:0000000000000014 .L0 
     /tmp/ccBxYUsh.s:96     .text._ZN14PeriodicThread18periodicActivationEv:0000000000000018 .L0 
     /tmp/ccBxYUsh.s:103    .text:0000000000000000 _ZN6ThreadD2Ev
     /tmp/ccBxYUsh.s:107    .text:0000000000000000 .L0 
     /tmp/ccBxYUsh.s:4510   .data.rel.local.DW.ref.__gxx_personality_v0:0000000000000000 DW.ref.__gxx_personality_v0
     /tmp/ccBxYUsh.s:111    .text:0000000000000000 .L0 
     /tmp/ccBxYUsh.s:112    .text:0000000000000004 .L0 
     /tmp/ccBxYUsh.s:116    .text:0000000000000010 .L0 
     /tmp/ccBxYUsh.s:117    .text:0000000000000010 .L0 
     /tmp/ccBxYUsh.s:118    .text:0000000000000010 .L0 
     /tmp/ccBxYUsh.s:120    .text:0000000000000014 .L0 
     /tmp/ccBxYUsh.s:932    .data.rel.ro.local._ZTV6Thread:0000000000000000 _ZTV6Thread
     /tmp/ccBxYUsh.s:123    .text:0000000000000014 .L0 
     /tmp/ccBxYUsh.s:126    .text:0000000000000020 .L0 
     /tmp/ccBxYUsh.s:127    .text:0000000000000020 .L0 
     /tmp/ccBxYUsh.s:129    .text:0000000000000024 .L0 
     /tmp/ccBxYUsh.s:135    .text:0000000000000028 .L0 
GAS LISTING /tmp/ccBxYUsh.s 			page 23


     /tmp/ccBxYUsh.s:136    .text:0000000000000028 .L0 
     /tmp/ccBxYUsh.s:139    .text:000000000000002c .L0 
     /tmp/ccBxYUsh.s:141    .text:0000000000000030 .L0 
     /tmp/ccBxYUsh.s:147    .text:0000000000000038 .L0 
     /tmp/ccBxYUsh.s:153    .text:0000000000000044 .L0 
     /tmp/ccBxYUsh.s:154    .text:0000000000000048 .L0 
     /tmp/ccBxYUsh.s:156    .text:000000000000004c .L0 
     /tmp/ccBxYUsh.s:157    .text:000000000000004c .L0 
     /tmp/ccBxYUsh.s:159    .text:0000000000000050 .L0 
     /tmp/ccBxYUsh.s:161    .text:0000000000000054 .L0 
     /tmp/ccBxYUsh.s:163    .text:0000000000000058 .L0 
     /tmp/ccBxYUsh.s:103    .text:0000000000000000 _ZN6ThreadD1Ev
     /tmp/ccBxYUsh.s:179    .text:0000000000000058 _ZN6ThreadD0Ev
     /tmp/ccBxYUsh.s:182    .text:0000000000000058 .L0 
     /tmp/ccBxYUsh.s:184    .text:0000000000000058 .L0 
     /tmp/ccBxYUsh.s:185    .text:000000000000005c .L0 
     /tmp/ccBxYUsh.s:189    .text:0000000000000068 .L0 
     /tmp/ccBxYUsh.s:190    .text:0000000000000068 .L0 
     /tmp/ccBxYUsh.s:191    .text:0000000000000068 .L0 
     /tmp/ccBxYUsh.s:193    .text:000000000000006c .L0 
     /tmp/ccBxYUsh.s:196    .text:0000000000000070 .L0 
     /tmp/ccBxYUsh.s:202    .text:0000000000000088 .L0 
     /tmp/ccBxYUsh.s:204    .text:000000000000008c .L0 
     /tmp/ccBxYUsh.s:205    .text:000000000000008c .L0 
     /tmp/ccBxYUsh.s:207    .text:0000000000000090 .L0 
     /tmp/ccBxYUsh.s:210    .text:0000000000000094 .L0 
     /tmp/ccBxYUsh.s:212    .text:0000000000000098 .L0 
     /tmp/ccBxYUsh.s:219    .text._ZN14PeriodicThreadD2Ev:0000000000000000 _ZN14PeriodicThreadD2Ev
     /tmp/ccBxYUsh.s:222    .text._ZN14PeriodicThreadD2Ev:0000000000000000 .L0 
     /tmp/ccBxYUsh.s:224    .text._ZN14PeriodicThreadD2Ev:0000000000000000 .L0 
     /tmp/ccBxYUsh.s:225    .text._ZN14PeriodicThreadD2Ev:0000000000000004 .L0 
     /tmp/ccBxYUsh.s:228    .text._ZN14PeriodicThreadD2Ev:000000000000000c .L0 
     /tmp/ccBxYUsh.s:229    .text._ZN14PeriodicThreadD2Ev:000000000000000c .L0 
     /tmp/ccBxYUsh.s:231    .text._ZN14PeriodicThreadD2Ev:0000000000000010 .L0 
     /tmp/ccBxYUsh.s:920    .data.rel.ro.local._ZTV14PeriodicThread:0000000000000000 _ZTV14PeriodicThread
     /tmp/ccBxYUsh.s:234    .text._ZN14PeriodicThreadD2Ev:0000000000000010 .L0 
     /tmp/ccBxYUsh.s:240    .text._ZN14PeriodicThreadD2Ev:0000000000000028 .L0 
     /tmp/ccBxYUsh.s:242    .text._ZN14PeriodicThreadD2Ev:000000000000002c .L0 
     /tmp/ccBxYUsh.s:243    .text._ZN14PeriodicThreadD2Ev:000000000000002c .L0 
     /tmp/ccBxYUsh.s:245    .text._ZN14PeriodicThreadD2Ev:0000000000000030 .L0 
     /tmp/ccBxYUsh.s:247    .text._ZN14PeriodicThreadD2Ev:0000000000000034 .L0 
     /tmp/ccBxYUsh.s:219    .text._ZN14PeriodicThreadD2Ev:0000000000000000 _ZN14PeriodicThreadD1Ev
     /tmp/ccBxYUsh.s:256    .text._ZN14PeriodicThreadD0Ev:0000000000000000 _ZN14PeriodicThreadD0Ev
     /tmp/ccBxYUsh.s:259    .text._ZN14PeriodicThreadD0Ev:0000000000000000 .L0 
     /tmp/ccBxYUsh.s:261    .text._ZN14PeriodicThreadD0Ev:0000000000000000 .L0 
     /tmp/ccBxYUsh.s:262    .text._ZN14PeriodicThreadD0Ev:0000000000000004 .L0 
     /tmp/ccBxYUsh.s:266    .text._ZN14PeriodicThreadD0Ev:0000000000000010 .L0 
     /tmp/ccBxYUsh.s:267    .text._ZN14PeriodicThreadD0Ev:0000000000000010 .L0 
     /tmp/ccBxYUsh.s:268    .text._ZN14PeriodicThreadD0Ev:0000000000000010 .L0 
     /tmp/ccBxYUsh.s:270    .text._ZN14PeriodicThreadD0Ev:0000000000000014 .L0 
     /tmp/ccBxYUsh.s:276    .text._ZN14PeriodicThreadD0Ev:0000000000000018 .L0 
     /tmp/ccBxYUsh.s:286    .text._ZN14PeriodicThreadD0Ev:000000000000003c .L0 
     /tmp/ccBxYUsh.s:288    .text._ZN14PeriodicThreadD0Ev:0000000000000040 .L0 
     /tmp/ccBxYUsh.s:289    .text._ZN14PeriodicThreadD0Ev:0000000000000040 .L0 
     /tmp/ccBxYUsh.s:291    .text._ZN14PeriodicThreadD0Ev:0000000000000044 .L0 
     /tmp/ccBxYUsh.s:294    .text._ZN14PeriodicThreadD0Ev:0000000000000048 .L0 
     /tmp/ccBxYUsh.s:296    .text._ZN14PeriodicThreadD0Ev:000000000000004c .L0 
GAS LISTING /tmp/ccBxYUsh.s 			page 24


     /tmp/ccBxYUsh.s:303    .text._ZN14PeriodicThread3runEv:0000000000000000 _ZN14PeriodicThread3runEv
     /tmp/ccBxYUsh.s:306    .text._ZN14PeriodicThread3runEv:0000000000000000 .L0 
     /tmp/ccBxYUsh.s:308    .text._ZN14PeriodicThread3runEv:0000000000000000 .L0 
     /tmp/ccBxYUsh.s:309    .text._ZN14PeriodicThread3runEv:0000000000000004 .L0 
     /tmp/ccBxYUsh.s:313    .text._ZN14PeriodicThread3runEv:0000000000000010 .L0 
     /tmp/ccBxYUsh.s:314    .text._ZN14PeriodicThread3runEv:0000000000000010 .L0 
     /tmp/ccBxYUsh.s:315    .text._ZN14PeriodicThread3runEv:0000000000000010 .L0 
     /tmp/ccBxYUsh.s:317    .text._ZN14PeriodicThread3runEv:0000000000000014 .L0 
     /tmp/ccBxYUsh.s:322    .text._ZN14PeriodicThread3runEv:0000000000000018 .L0 
     /tmp/ccBxYUsh.s:323    .text._ZN14PeriodicThread3runEv:0000000000000018 .L0 
     /tmp/ccBxYUsh.s:324    .text._ZN14PeriodicThread3runEv:0000000000000018 .L0 
     /tmp/ccBxYUsh.s:327    .text._ZN14PeriodicThread3runEv:0000000000000020 .L0 
     /tmp/ccBxYUsh.s:331    .text._ZN14PeriodicThread3runEv:0000000000000028 .L0 
     /tmp/ccBxYUsh.s:332    .text._ZN14PeriodicThread3runEv:0000000000000028 .L0 
     /tmp/ccBxYUsh.s:336    .text._ZN14PeriodicThread3runEv:0000000000000034 .L0 
     /tmp/ccBxYUsh.s:337    .text._ZN14PeriodicThread3runEv:0000000000000038 .L0 
     /tmp/ccBxYUsh.s:344    .text:0000000000000098 _ZN9SemaphoreD2Ev
     /tmp/ccBxYUsh.s:347    .text:0000000000000098 .L0 
     /tmp/ccBxYUsh.s:351    .text:0000000000000098 .L0 
     /tmp/ccBxYUsh.s:352    .text:000000000000009c .L0 
     /tmp/ccBxYUsh.s:355    .text:00000000000000a4 .L0 
     /tmp/ccBxYUsh.s:356    .text:00000000000000a4 .L0 
     /tmp/ccBxYUsh.s:358    .text:00000000000000a8 .L0 
     /tmp/ccBxYUsh.s:943    .data.rel.ro.local._ZTV9Semaphore:0000000000000000 _ZTV9Semaphore
     /tmp/ccBxYUsh.s:361    .text:00000000000000a8 .L0 
     /tmp/ccBxYUsh.s:364    .text:00000000000000b4 .L0 
     /tmp/ccBxYUsh.s:365    .text:00000000000000b4 .L0 
     /tmp/ccBxYUsh.s:371    .text:00000000000000c0 .L0 
     /tmp/ccBxYUsh.s:372    .text:00000000000000c4 .L0 
     /tmp/ccBxYUsh.s:374    .text:00000000000000c8 .L0 
     /tmp/ccBxYUsh.s:375    .text:00000000000000c8 .L0 
     /tmp/ccBxYUsh.s:377    .text:00000000000000cc .L0 
     /tmp/ccBxYUsh.s:379    .text:00000000000000d0 .L0 
     /tmp/ccBxYUsh.s:344    .text:0000000000000098 _ZN9SemaphoreD1Ev
     /tmp/ccBxYUsh.s:394    .text:00000000000000d0 _ZN9SemaphoreD0Ev
     /tmp/ccBxYUsh.s:397    .text:00000000000000d0 .L0 
     /tmp/ccBxYUsh.s:399    .text:00000000000000d0 .L0 
     /tmp/ccBxYUsh.s:400    .text:00000000000000d4 .L0 
     /tmp/ccBxYUsh.s:404    .text:00000000000000e0 .L0 
     /tmp/ccBxYUsh.s:405    .text:00000000000000e0 .L0 
     /tmp/ccBxYUsh.s:406    .text:00000000000000e0 .L0 
     /tmp/ccBxYUsh.s:408    .text:00000000000000e4 .L0 
     /tmp/ccBxYUsh.s:411    .text:00000000000000e8 .L0 
     /tmp/ccBxYUsh.s:417    .text:0000000000000100 .L0 
     /tmp/ccBxYUsh.s:419    .text:0000000000000104 .L0 
     /tmp/ccBxYUsh.s:420    .text:0000000000000104 .L0 
     /tmp/ccBxYUsh.s:422    .text:0000000000000108 .L0 
     /tmp/ccBxYUsh.s:425    .text:000000000000010c .L0 
     /tmp/ccBxYUsh.s:427    .text:0000000000000110 .L0 
     /tmp/ccBxYUsh.s:433    .text:0000000000000110 _ZN6ThreadC2EPFvPvES0_
     /tmp/ccBxYUsh.s:436    .text:0000000000000110 .L0 
     /tmp/ccBxYUsh.s:438    .text:0000000000000110 .L0 
     /tmp/ccBxYUsh.s:439    .text:0000000000000114 .L0 
     /tmp/ccBxYUsh.s:441    .text:0000000000000118 .L0 
     /tmp/ccBxYUsh.s:443    .text:000000000000011c .L0 
     /tmp/ccBxYUsh.s:446    .text:000000000000011c .L0 
     /tmp/ccBxYUsh.s:450    .text:000000000000012c .L0 
GAS LISTING /tmp/ccBxYUsh.s 			page 25


     /tmp/ccBxYUsh.s:451    .text:000000000000012c .L0 
     /tmp/ccBxYUsh.s:453    .text:0000000000000130 .L0 
     /tmp/ccBxYUsh.s:454    .text:0000000000000130 .L0 
     /tmp/ccBxYUsh.s:457    .text:0000000000000134 .L0 
     /tmp/ccBxYUsh.s:458    .text:0000000000000138 .L0 
     /tmp/ccBxYUsh.s:459    .text:0000000000000138 .L0 
     /tmp/ccBxYUsh.s:461    .text:000000000000013c .L0 
     /tmp/ccBxYUsh.s:463    .text:0000000000000140 .L0 
     /tmp/ccBxYUsh.s:433    .text:0000000000000110 _ZN6ThreadC1EPFvPvES0_
     /tmp/ccBxYUsh.s:471    .text:0000000000000140 _ZN6ThreadC2Ev
     /tmp/ccBxYUsh.s:474    .text:0000000000000140 .L0 
     /tmp/ccBxYUsh.s:476    .text:0000000000000140 .L0 
     /tmp/ccBxYUsh.s:477    .text:0000000000000144 .L0 
     /tmp/ccBxYUsh.s:480    .text:000000000000014c .L0 
     /tmp/ccBxYUsh.s:481    .text:000000000000014c .L0 
     /tmp/ccBxYUsh.s:483    .text:0000000000000150 .L0 
     /tmp/ccBxYUsh.s:486    .text:0000000000000150 .L0 
     /tmp/ccBxYUsh.s:492    .text:0000000000000160 .L0 
     /tmp/ccBxYUsh.s:493    .text:0000000000000164 .L0 
     /tmp/ccBxYUsh.s:495    .text:0000000000000168 .L0 
     /tmp/ccBxYUsh.s:496    .text:0000000000000168 .L0 
     /tmp/ccBxYUsh.s:498    .text:000000000000016c .L0 
     /tmp/ccBxYUsh.s:500    .text:0000000000000170 .L0 
     /tmp/ccBxYUsh.s:471    .text:0000000000000140 _ZN6ThreadC1Ev
     /tmp/ccBxYUsh.s:508    .text:0000000000000170 _ZN6Thread8dispatchEv
     /tmp/ccBxYUsh.s:511    .text:0000000000000170 .L0 
     /tmp/ccBxYUsh.s:512    .text:0000000000000170 .L0 
     /tmp/ccBxYUsh.s:513    .text:0000000000000174 .L0 
     /tmp/ccBxYUsh.s:516    .text:000000000000017c .L0 
     /tmp/ccBxYUsh.s:517    .text:000000000000017c .L0 
     /tmp/ccBxYUsh.s:519    .text:0000000000000180 .L0 
     /tmp/ccBxYUsh.s:521    .text:0000000000000180 .L0 
     /tmp/ccBxYUsh.s:522    .text:0000000000000180 .L0 
     /tmp/ccBxYUsh.s:525    .text:0000000000000188 .L0 
     /tmp/ccBxYUsh.s:526    .text:000000000000018c .L0 
     /tmp/ccBxYUsh.s:528    .text:0000000000000190 .L0 
     /tmp/ccBxYUsh.s:529    .text:0000000000000190 .L0 
     /tmp/ccBxYUsh.s:531    .text:0000000000000194 .L0 
     /tmp/ccBxYUsh.s:533    .text:0000000000000198 .L0 
     /tmp/ccBxYUsh.s:539    .text:0000000000000198 _ZN6Thread5startEv
     /tmp/ccBxYUsh.s:542    .text:0000000000000198 .L0 
     /tmp/ccBxYUsh.s:544    .text:0000000000000198 .L0 
     /tmp/ccBxYUsh.s:545    .text:000000000000019c .L0 
     /tmp/ccBxYUsh.s:548    .text:00000000000001a4 .L0 
     /tmp/ccBxYUsh.s:549    .text:00000000000001a4 .L0 
     /tmp/ccBxYUsh.s:551    .text:00000000000001a8 .L0 
     /tmp/ccBxYUsh.s:553    .text:00000000000001a8 .L0 
     /tmp/ccBxYUsh.s:554    .text:00000000000001a8 .L0 
     /tmp/ccBxYUsh.s:556    .text:00000000000001ac .L0 
     /tmp/ccBxYUsh.s:558    .text:00000000000001b0 .L0 
     /tmp/ccBxYUsh.s:559    .text:00000000000001b0 .L0 
     /tmp/ccBxYUsh.s:566    .text:00000000000001c0 .L0 
     /tmp/ccBxYUsh.s:567    .text:00000000000001c4 .L0 
     /tmp/ccBxYUsh.s:568    .text:00000000000001c4 .L0 
     /tmp/ccBxYUsh.s:570    .text:00000000000001c8 .L0 
     /tmp/ccBxYUsh.s:571    .text:00000000000001c8 .L0 
     /tmp/ccBxYUsh.s:573    .text:00000000000001cc .L0 
GAS LISTING /tmp/ccBxYUsh.s 			page 26


     /tmp/ccBxYUsh.s:577    .text:00000000000001d0 .L0 
     /tmp/ccBxYUsh.s:579    .text:00000000000001d0 .L0 
     /tmp/ccBxYUsh.s:580    .text:00000000000001d0 .L0 
     /tmp/ccBxYUsh.s:587    .text:00000000000001e8 .L0 
     /tmp/ccBxYUsh.s:588    .text:00000000000001ec .L0 
     /tmp/ccBxYUsh.s:594    .text:00000000000001ec _ZN6Thread5sleepEm
     /tmp/ccBxYUsh.s:597    .text:00000000000001ec .L0 
     /tmp/ccBxYUsh.s:599    .text:00000000000001ec .L0 
     /tmp/ccBxYUsh.s:600    .text:00000000000001f0 .L0 
     /tmp/ccBxYUsh.s:603    .text:00000000000001f8 .L0 
     /tmp/ccBxYUsh.s:604    .text:00000000000001f8 .L0 
     /tmp/ccBxYUsh.s:606    .text:00000000000001fc .L0 
     /tmp/ccBxYUsh.s:608    .text:00000000000001fc .L0 
     /tmp/ccBxYUsh.s:609    .text:00000000000001fc .L0 
     /tmp/ccBxYUsh.s:612    .text:0000000000000204 .L0 
     /tmp/ccBxYUsh.s:613    .text:0000000000000208 .L0 
     /tmp/ccBxYUsh.s:615    .text:000000000000020c .L0 
     /tmp/ccBxYUsh.s:616    .text:000000000000020c .L0 
     /tmp/ccBxYUsh.s:618    .text:0000000000000210 .L0 
     /tmp/ccBxYUsh.s:620    .text:0000000000000214 .L0 
     /tmp/ccBxYUsh.s:626    .text:0000000000000214 _ZN9SemaphoreC2Ej
     /tmp/ccBxYUsh.s:629    .text:0000000000000214 .L0 
     /tmp/ccBxYUsh.s:631    .text:0000000000000214 .L0 
     /tmp/ccBxYUsh.s:632    .text:0000000000000218 .L0 
     /tmp/ccBxYUsh.s:635    .text:0000000000000220 .L0 
     /tmp/ccBxYUsh.s:636    .text:0000000000000220 .L0 
     /tmp/ccBxYUsh.s:638    .text:0000000000000224 .L0 
     /tmp/ccBxYUsh.s:641    .text:0000000000000224 .L0 
     /tmp/ccBxYUsh.s:644    .text:0000000000000230 .L0 
     /tmp/ccBxYUsh.s:645    .text:0000000000000230 .L0 
     /tmp/ccBxYUsh.s:651    .text:000000000000023c .L0 
     /tmp/ccBxYUsh.s:652    .text:0000000000000240 .L0 
     /tmp/ccBxYUsh.s:654    .text:0000000000000244 .L0 
     /tmp/ccBxYUsh.s:655    .text:0000000000000244 .L0 
     /tmp/ccBxYUsh.s:657    .text:0000000000000248 .L0 
     /tmp/ccBxYUsh.s:659    .text:000000000000024c .L0 
     /tmp/ccBxYUsh.s:626    .text:0000000000000214 _ZN9SemaphoreC1Ej
     /tmp/ccBxYUsh.s:667    .text:000000000000024c _ZN9Semaphore4waitEv
     /tmp/ccBxYUsh.s:670    .text:000000000000024c .L0 
     /tmp/ccBxYUsh.s:672    .text:000000000000024c .L0 
     /tmp/ccBxYUsh.s:673    .text:0000000000000250 .L0 
     /tmp/ccBxYUsh.s:676    .text:0000000000000258 .L0 
     /tmp/ccBxYUsh.s:677    .text:0000000000000258 .L0 
     /tmp/ccBxYUsh.s:679    .text:000000000000025c .L0 
     /tmp/ccBxYUsh.s:681    .text:000000000000025c .L0 
     /tmp/ccBxYUsh.s:682    .text:000000000000025c .L0 
     /tmp/ccBxYUsh.s:687    .text:0000000000000268 .L0 
     /tmp/ccBxYUsh.s:688    .text:000000000000026c .L0 
     /tmp/ccBxYUsh.s:690    .text:0000000000000270 .L0 
     /tmp/ccBxYUsh.s:691    .text:0000000000000270 .L0 
     /tmp/ccBxYUsh.s:693    .text:0000000000000274 .L0 
     /tmp/ccBxYUsh.s:695    .text:0000000000000278 .L0 
     /tmp/ccBxYUsh.s:701    .text:0000000000000278 _ZN9Semaphore6signalEv
     /tmp/ccBxYUsh.s:704    .text:0000000000000278 .L0 
     /tmp/ccBxYUsh.s:706    .text:0000000000000278 .L0 
     /tmp/ccBxYUsh.s:707    .text:000000000000027c .L0 
     /tmp/ccBxYUsh.s:710    .text:0000000000000284 .L0 
GAS LISTING /tmp/ccBxYUsh.s 			page 27


     /tmp/ccBxYUsh.s:711    .text:0000000000000284 .L0 
     /tmp/ccBxYUsh.s:713    .text:0000000000000288 .L0 
     /tmp/ccBxYUsh.s:715    .text:0000000000000288 .L0 
     /tmp/ccBxYUsh.s:716    .text:0000000000000288 .L0 
     /tmp/ccBxYUsh.s:721    .text:0000000000000294 .L0 
     /tmp/ccBxYUsh.s:722    .text:0000000000000298 .L0 
     /tmp/ccBxYUsh.s:724    .text:000000000000029c .L0 
     /tmp/ccBxYUsh.s:725    .text:000000000000029c .L0 
     /tmp/ccBxYUsh.s:727    .text:00000000000002a0 .L0 
     /tmp/ccBxYUsh.s:729    .text:00000000000002a4 .L0 
     /tmp/ccBxYUsh.s:735    .text:00000000000002a4 _ZN9Semaphore7tryWaitEv
     /tmp/ccBxYUsh.s:738    .text:00000000000002a4 .L0 
     /tmp/ccBxYUsh.s:740    .text:00000000000002a4 .L0 
     /tmp/ccBxYUsh.s:741    .text:00000000000002a8 .L0 
     /tmp/ccBxYUsh.s:744    .text:00000000000002b0 .L0 
     /tmp/ccBxYUsh.s:745    .text:00000000000002b0 .L0 
     /tmp/ccBxYUsh.s:747    .text:00000000000002b4 .L0 
     /tmp/ccBxYUsh.s:749    .text:00000000000002b4 .L0 
     /tmp/ccBxYUsh.s:750    .text:00000000000002b4 .L0 
     /tmp/ccBxYUsh.s:755    .text:00000000000002c0 .L0 
     /tmp/ccBxYUsh.s:756    .text:00000000000002c4 .L0 
     /tmp/ccBxYUsh.s:758    .text:00000000000002c8 .L0 
     /tmp/ccBxYUsh.s:759    .text:00000000000002c8 .L0 
     /tmp/ccBxYUsh.s:761    .text:00000000000002cc .L0 
     /tmp/ccBxYUsh.s:763    .text:00000000000002d0 .L0 
     /tmp/ccBxYUsh.s:769    .text:00000000000002d0 _ZN9Semaphore9timedWaitEm
     /tmp/ccBxYUsh.s:772    .text:00000000000002d0 .L0 
     /tmp/ccBxYUsh.s:774    .text:00000000000002d0 .L0 
     /tmp/ccBxYUsh.s:775    .text:00000000000002d4 .L0 
     /tmp/ccBxYUsh.s:778    .text:00000000000002dc .L0 
     /tmp/ccBxYUsh.s:779    .text:00000000000002dc .L0 
     /tmp/ccBxYUsh.s:781    .text:00000000000002e0 .L0 
     /tmp/ccBxYUsh.s:783    .text:00000000000002e0 .L0 
     /tmp/ccBxYUsh.s:784    .text:00000000000002e0 .L0 
     /tmp/ccBxYUsh.s:789    .text:00000000000002ec .L0 
     /tmp/ccBxYUsh.s:790    .text:00000000000002f0 .L0 
     /tmp/ccBxYUsh.s:792    .text:00000000000002f4 .L0 
     /tmp/ccBxYUsh.s:793    .text:00000000000002f4 .L0 
     /tmp/ccBxYUsh.s:795    .text:00000000000002f8 .L0 
     /tmp/ccBxYUsh.s:797    .text:00000000000002fc .L0 
     /tmp/ccBxYUsh.s:803    .text:00000000000002fc _ZN14PeriodicThreadC2Em
     /tmp/ccBxYUsh.s:806    .text:00000000000002fc .L0 
     /tmp/ccBxYUsh.s:808    .text:00000000000002fc .L0 
     /tmp/ccBxYUsh.s:809    .text:0000000000000300 .L0 
     /tmp/ccBxYUsh.s:814    .text:0000000000000310 .L0 
     /tmp/ccBxYUsh.s:815    .text:0000000000000310 .L0 
     /tmp/ccBxYUsh.s:816    .text:0000000000000310 .L0 
     /tmp/ccBxYUsh.s:817    .text:0000000000000310 .L0 
     /tmp/ccBxYUsh.s:819    .text:0000000000000314 .L0 
     /tmp/ccBxYUsh.s:824    .text:000000000000031c .L0 
     /tmp/ccBxYUsh.s:829    .text:0000000000000330 .L0 
     /tmp/ccBxYUsh.s:830    .text:0000000000000330 .L0 
     /tmp/ccBxYUsh.s:833    .text:0000000000000334 .L0 
     /tmp/ccBxYUsh.s:834    .text:0000000000000338 .L0 
     /tmp/ccBxYUsh.s:836    .text:000000000000033c .L0 
     /tmp/ccBxYUsh.s:837    .text:000000000000033c .L0 
     /tmp/ccBxYUsh.s:839    .text:0000000000000340 .L0 
GAS LISTING /tmp/ccBxYUsh.s 			page 28


     /tmp/ccBxYUsh.s:842    .text:0000000000000344 .L0 
     /tmp/ccBxYUsh.s:845    .text:0000000000000348 .L0 
     /tmp/ccBxYUsh.s:847    .text:000000000000034c .L0 
     /tmp/ccBxYUsh.s:803    .text:00000000000002fc _ZN14PeriodicThreadC1Em
     /tmp/ccBxYUsh.s:855    .text:000000000000034c _ZN7Console4getcEv
     /tmp/ccBxYUsh.s:858    .text:000000000000034c .L0 
     /tmp/ccBxYUsh.s:859    .text:000000000000034c .L0 
     /tmp/ccBxYUsh.s:860    .text:0000000000000350 .L0 
     /tmp/ccBxYUsh.s:863    .text:0000000000000358 .L0 
     /tmp/ccBxYUsh.s:864    .text:0000000000000358 .L0 
     /tmp/ccBxYUsh.s:866    .text:000000000000035c .L0 
     /tmp/ccBxYUsh.s:868    .text:000000000000035c .L0 
     /tmp/ccBxYUsh.s:869    .text:000000000000035c .L0 
     /tmp/ccBxYUsh.s:872    .text:0000000000000364 .L0 
     /tmp/ccBxYUsh.s:873    .text:0000000000000368 .L0 
     /tmp/ccBxYUsh.s:875    .text:000000000000036c .L0 
     /tmp/ccBxYUsh.s:876    .text:000000000000036c .L0 
     /tmp/ccBxYUsh.s:878    .text:0000000000000370 .L0 
     /tmp/ccBxYUsh.s:880    .text:0000000000000374 .L0 
     /tmp/ccBxYUsh.s:886    .text:0000000000000374 _ZN7Console4putcEc
     /tmp/ccBxYUsh.s:889    .text:0000000000000374 .L0 
     /tmp/ccBxYUsh.s:891    .text:0000000000000374 .L0 
     /tmp/ccBxYUsh.s:892    .text:0000000000000378 .L0 
     /tmp/ccBxYUsh.s:895    .text:0000000000000380 .L0 
     /tmp/ccBxYUsh.s:896    .text:0000000000000380 .L0 
     /tmp/ccBxYUsh.s:898    .text:0000000000000384 .L0 
     /tmp/ccBxYUsh.s:900    .text:0000000000000384 .L0 
     /tmp/ccBxYUsh.s:901    .text:0000000000000384 .L0 
     /tmp/ccBxYUsh.s:904    .text:000000000000038c .L0 
     /tmp/ccBxYUsh.s:905    .text:0000000000000390 .L0 
     /tmp/ccBxYUsh.s:907    .text:0000000000000394 .L0 
     /tmp/ccBxYUsh.s:908    .text:0000000000000394 .L0 
     /tmp/ccBxYUsh.s:910    .text:0000000000000398 .L0 
     /tmp/ccBxYUsh.s:912    .text:000000000000039c .L0 
     /tmp/ccBxYUsh.s:32     .text._ZN6Thread3runEv:0000000000000018 .L0 
     /tmp/ccBxYUsh.s:74     .text._ZN6Thread10runWrapperEPv:0000000000000034 .L0 
     /tmp/ccBxYUsh.s:99     .text._ZN14PeriodicThread18periodicActivationEv:0000000000000018 .L0 
     /tmp/ccBxYUsh.s:952    .text:000000000000039c .L0 
     /tmp/ccBxYUsh.s:252    .text._ZN14PeriodicThreadD2Ev:0000000000000034 .L0 
     /tmp/ccBxYUsh.s:299    .text._ZN14PeriodicThreadD0Ev:000000000000004c .L0 
     /tmp/ccBxYUsh.s:340    .text._ZN14PeriodicThread3runEv:0000000000000038 .L0 
     /tmp/ccBxYUsh.s:123    .text:0000000000000014 .L0 
     /tmp/ccBxYUsh.s:361    .text:00000000000000a8 .L0 
     /tmp/ccBxYUsh.s:446    .text:000000000000011c .L0 
     /tmp/ccBxYUsh.s:581    .text:00000000000001d4 .L0 
     /tmp/ccBxYUsh.s:641    .text:0000000000000224 .L0 
     /tmp/ccBxYUsh.s:826    .text:0000000000000324 .L0 
     /tmp/ccBxYUsh.s:150    .text:0000000000000044 .L11
     /tmp/ccBxYUsh.s:143    .text:0000000000000038 .L13
     /tmp/ccBxYUsh.s:576    .text:00000000000001d0 .L38
     /tmp/ccBxYUsh.s:564    .text:00000000000001c0 .L36
     /tmp/ccBxYUsh.s:69     .text._ZN6Thread10runWrapperEPv:0000000000000030 .L6
     /tmp/ccBxYUsh.s:234    .text._ZN14PeriodicThreadD2Ev:0000000000000010 .L0 
     /tmp/ccBxYUsh.s:276    .text._ZN14PeriodicThreadD0Ev:0000000000000018 .L0 
     /tmp/ccBxYUsh.s:320    .text._ZN14PeriodicThread3runEv:0000000000000018 .L22
     /tmp/ccBxYUsh.s:2647   .debug_abbrev:0000000000000000 .Ldebug_abbrev0
     /tmp/ccBxYUsh.s:4456   .debug_str:0000000000000788 .LASF136
GAS LISTING /tmp/ccBxYUsh.s 			page 29


     /tmp/ccBxYUsh.s:4434   .debug_str:00000000000006cf .LASF137
     /tmp/ccBxYUsh.s:4262   .debug_str:00000000000001d8 .LASF138
     /tmp/ccBxYUsh.s:4184   .debug_ranges:0000000000000000 .Ldebug_ranges0
     /tmp/ccBxYUsh.s:4202   .debug_line:0000000000000000 .Ldebug_line0
     /tmp/ccBxYUsh.s:4376   .debug_str:0000000000000537 .LASF0
     /tmp/ccBxYUsh.s:4392   .debug_str:000000000000059a .LASF1
     /tmp/ccBxYUsh.s:4364   .debug_str:00000000000004e3 .LASF2
     /tmp/ccBxYUsh.s:4328   .debug_str:00000000000003f6 .LASF4
     /tmp/ccBxYUsh.s:4442   .debug_str:0000000000000708 .LASF3
     /tmp/ccBxYUsh.s:4230   .debug_str:00000000000000b5 .LASF5
     /tmp/ccBxYUsh.s:4272   .debug_str:000000000000023a .LASF6
     /tmp/ccBxYUsh.s:4398   .debug_str:00000000000005cb .LASF7
     /tmp/ccBxYUsh.s:4374   .debug_str:0000000000000524 .LASF8
     /tmp/ccBxYUsh.s:4470   .debug_str:00000000000008a7 .LASF9
     /tmp/ccBxYUsh.s:4306   .debug_str:000000000000032f .LASF10
     /tmp/ccBxYUsh.s:4410   .debug_str:0000000000000617 .LASF11
     /tmp/ccBxYUsh.s:4458   .debug_str:000000000000084c .LASF12
     /tmp/ccBxYUsh.s:4232   .debug_str:00000000000000bc .LASF13
     /tmp/ccBxYUsh.s:4208   .debug_str:0000000000000013 .LASF14
     /tmp/ccBxYUsh.s:4250   .debug_str:000000000000015b .LASF15
     /tmp/ccBxYUsh.s:4438   .debug_str:00000000000006e9 .LASF16
     /tmp/ccBxYUsh.s:4264   .debug_str:00000000000001fb .LASF17
     /tmp/ccBxYUsh.s:4204   .debug_str:0000000000000000 .LASF18
     /tmp/ccBxYUsh.s:4324   .debug_str:00000000000003e9 .LASF20
     /tmp/ccBxYUsh.s:4282   .debug_str:000000000000027f .LASF19
     /tmp/ccBxYUsh.s:4326   .debug_str:00000000000003f1 .LASF21
     /tmp/ccBxYUsh.s:4322   .debug_str:00000000000003e1 .LASF24
     /tmp/ccBxYUsh.s:4210   .debug_str:0000000000000023 .LASF115
     /tmp/ccBxYUsh.s:4242   .debug_str:0000000000000104 .LASF139
     /tmp/ccBxYUsh.s:4370   .debug_str:000000000000050d .LASF45
     /tmp/ccBxYUsh.s:4394   .debug_str:00000000000005ad .LASF47
     /tmp/ccBxYUsh.s:4402   .debug_str:00000000000005e9 .LASF22
     /tmp/ccBxYUsh.s:4352   .debug_str:0000000000000487 .LASF23
     /tmp/ccBxYUsh.s:4216   .debug_str:0000000000000040 .LASF140
     /tmp/ccBxYUsh.s:4478   .debug_str:00000000000008e7 .LASF25
     /tmp/ccBxYUsh.s:4448   .debug_str:000000000000073b .LASF27
     /tmp/ccBxYUsh.s:4396   .debug_str:00000000000005c0 .LASF29
     /tmp/ccBxYUsh.s:4418   .debug_str:0000000000000662 .LASF31
     /tmp/ccBxYUsh.s:4278   .debug_str:0000000000000264 .LASF26
     /tmp/ccBxYUsh.s:4422   .debug_str:0000000000000682 .LASF28
     /tmp/ccBxYUsh.s:4400   .debug_str:00000000000005de .LASF30
     /tmp/ccBxYUsh.s:4254   .debug_str:0000000000000170 .LASF32
     /tmp/ccBxYUsh.s:4366   .debug_str:00000000000004f1 .LASF33
     /tmp/ccBxYUsh.s:4320   .debug_str:00000000000003ca .LASF34
     /tmp/ccBxYUsh.s:4356   .debug_str:00000000000004a2 .LASF35
     /tmp/ccBxYUsh.s:4226   .debug_str:000000000000008c .LASF36
     /tmp/ccBxYUsh.s:4342   .debug_str:000000000000043d .LASF37
     /tmp/ccBxYUsh.s:4484   .debug_str:0000000000000912 .LASF38
     /tmp/ccBxYUsh.s:4424   .debug_str:000000000000068e .LASF141
     /tmp/ccBxYUsh.s:4436   .debug_str:00000000000006e3 .LASF81
     /tmp/ccBxYUsh.s:4368   .debug_str:00000000000004fd .LASF82
     /tmp/ccBxYUsh.s:4284   .debug_str:0000000000000285 .LASF142
     /tmp/ccBxYUsh.s:4388   .debug_str:000000000000057c .LASF143
     /tmp/ccBxYUsh.s:4334   .debug_str:000000000000040d .LASF39
     /tmp/ccBxYUsh.s:4382   .debug_str:0000000000000565 .LASF40
     /tmp/ccBxYUsh.s:4338   .debug_str:000000000000041d .LASF41
     /tmp/ccBxYUsh.s:4384   .debug_str:000000000000056b .LASF42
GAS LISTING /tmp/ccBxYUsh.s 			page 30


     /tmp/ccBxYUsh.s:4332   .debug_str:0000000000000404 .LASF43
     /tmp/ccBxYUsh.s:4390   .debug_str:0000000000000593 .LASF44
     /tmp/ccBxYUsh.s:4360   .debug_str:00000000000004c8 .LASF49
     /tmp/ccBxYUsh.s:4314   .debug_str:0000000000000392 .LASF51
     /tmp/ccBxYUsh.s:4476   .debug_str:00000000000008d9 .LASF46
     /tmp/ccBxYUsh.s:4312   .debug_str:000000000000036a .LASF48
     /tmp/ccBxYUsh.s:4378   .debug_str:0000000000000544 .LASF50
     /tmp/ccBxYUsh.s:4290   .debug_str:00000000000002a4 .LASF52
     /tmp/ccBxYUsh.s:4444   .debug_str:000000000000071a .LASF53
     /tmp/ccBxYUsh.s:4316   .debug_str:00000000000003ab .LASF54
     /tmp/ccBxYUsh.s:4346   .debug_str:0000000000000464 .LASF55
     /tmp/ccBxYUsh.s:4318   .debug_str:00000000000003bf .LASF56
     /tmp/ccBxYUsh.s:4292   .debug_str:00000000000002b7 .LASF57
     /tmp/ccBxYUsh.s:4206   .debug_str:0000000000000009 .LASF58
     /tmp/ccBxYUsh.s:4488   .debug_str:000000000000093f .LASF70
     /tmp/ccBxYUsh.s:4228   .debug_str:00000000000000a5 .LASF72
     /tmp/ccBxYUsh.s:4462   .debug_str:0000000000000873 .LASF59
     /tmp/ccBxYUsh.s:4432   .debug_str:00000000000006c4 .LASF75
     /tmp/ccBxYUsh.s:4246   .debug_str:0000000000000131 .LASF77
     /tmp/ccBxYUsh.s:4234   .debug_str:00000000000000cc .LASF60
     /tmp/ccBxYUsh.s:4428   .debug_str:0000000000000698 .LASF61
     /tmp/ccBxYUsh.s:4404   .debug_str:00000000000005ee .LASF62
     /tmp/ccBxYUsh.s:4430   .debug_str:00000000000006ad .LASF63
     /tmp/ccBxYUsh.s:4420   .debug_str:0000000000000678 .LASF64
     /tmp/ccBxYUsh.s:4344   .debug_str:000000000000044a .LASF65
     /tmp/ccBxYUsh.s:4350   .debug_str:000000000000047f .LASF66
     /tmp/ccBxYUsh.s:4248   .debug_str:0000000000000143 .LASF67
     /tmp/ccBxYUsh.s:4496   .debug_str:000000000000097a .LASF68
     /tmp/ccBxYUsh.s:4472   .debug_str:00000000000008b7 .LASF144
     /tmp/ccBxYUsh.s:4464   .debug_str:0000000000000885 .LASF69
     /tmp/ccBxYUsh.s:4372   .debug_str:0000000000000512 .LASF71
     /tmp/ccBxYUsh.s:4362   .debug_str:00000000000004d6 .LASF73
     /tmp/ccBxYUsh.s:4414   .debug_str:0000000000000630 .LASF74
     /tmp/ccBxYUsh.s:4222   .debug_str:000000000000006c .LASF76
     /tmp/ccBxYUsh.s:4238   .debug_str:00000000000000e3 .LASF78
     /tmp/ccBxYUsh.s:4492   .debug_str:0000000000000964 .LASF79
     /tmp/ccBxYUsh.s:4304   .debug_str:000000000000031c .LASF80
     /tmp/ccBxYUsh.s:4298   .debug_str:00000000000002d7 .LASF83
     /tmp/ccBxYUsh.s:4500   .debug_str:00000000000009a8 .LASF84
     /tmp/ccBxYUsh.s:4308   .debug_str:000000000000033d .LASF85
     /tmp/ccBxYUsh.s:4468   .debug_str:0000000000000898 .LASF86
     /tmp/ccBxYUsh.s:4354   .debug_str:0000000000000491 .LASF94
     /tmp/ccBxYUsh.s:4486   .debug_str:0000000000000934 .LASF145
     /tmp/ccBxYUsh.s:4244   .debug_str:0000000000000117 .LASF146
     /tmp/ccBxYUsh.s:4406   .debug_str:00000000000005f5 .LASF87
     /tmp/ccBxYUsh.s:4218   .debug_str:0000000000000048 .LASF88
     /tmp/ccBxYUsh.s:4416   .debug_str:0000000000000647 .LASF89
     /tmp/ccBxYUsh.s:4220   .debug_str:0000000000000062 .LASF90
     /tmp/ccBxYUsh.s:4452   .debug_str:0000000000000759 .LASF91
     /tmp/ccBxYUsh.s:4224   .debug_str:0000000000000074 .LASF92
     /tmp/ccBxYUsh.s:4212   .debug_str:0000000000000028 .LASF93
     /tmp/ccBxYUsh.s:4256   .debug_str:0000000000000187 .LASF147
     /tmp/ccBxYUsh.s:4310   .debug_str:0000000000000350 .LASF95
     /tmp/ccBxYUsh.s:4330   .debug_str:00000000000003fd .LASF96
     /tmp/ccBxYUsh.s:4494   .debug_str:000000000000096a .LASF97
     /tmp/ccBxYUsh.s:4340   .debug_str:0000000000000425 .LASF148
     /tmp/ccBxYUsh.s:4426   .debug_str:0000000000000693 .LASF98
GAS LISTING /tmp/ccBxYUsh.s 			page 31


     /tmp/ccBxYUsh.s:4412   .debug_str:0000000000000626 .LASF99
     /tmp/ccBxYUsh.s:4460   .debug_str:000000000000085b .LASF100
     /tmp/ccBxYUsh.s:257    .text._ZN14PeriodicThreadD0Ev:0000000000000000 .LFB55
     /tmp/ccBxYUsh.s:297    .text._ZN14PeriodicThreadD0Ev:000000000000004c .LFE55
     /tmp/ccBxYUsh.s:3798   .debug_loc:0000000000000000 .LLST5
     /tmp/ccBxYUsh.s:273    .text._ZN14PeriodicThreadD0Ev:0000000000000018 .LBB13
     /tmp/ccBxYUsh.s:281    .text._ZN14PeriodicThreadD0Ev:000000000000002c .LBE13
     /tmp/ccBxYUsh.s:3816   .debug_loc:000000000000004c .LLST6
     /tmp/ccBxYUsh.s:279    .text._ZN14PeriodicThreadD0Ev:000000000000002c .LVL18
     /tmp/ccBxYUsh.s:284    .text._ZN14PeriodicThreadD0Ev:0000000000000038 .LVL19
     /tmp/ccBxYUsh.s:4380   .debug_str:000000000000054d .LASF101
     /tmp/ccBxYUsh.s:220    .text._ZN14PeriodicThreadD2Ev:0000000000000000 .LFB53
     /tmp/ccBxYUsh.s:248    .text._ZN14PeriodicThreadD2Ev:0000000000000034 .LFE53
     /tmp/ccBxYUsh.s:3827   .debug_loc:0000000000000082 .LLST4
     /tmp/ccBxYUsh.s:237    .text._ZN14PeriodicThreadD2Ev:0000000000000024 .LVL15
     /tmp/ccBxYUsh.s:887    .text:0000000000000374 .LFB51
     /tmp/ccBxYUsh.s:913    .text:000000000000039c .LFE51
     /tmp/ccBxYUsh.s:3841   .debug_loc:00000000000000bb .LLST22
     /tmp/ccBxYUsh.s:902    .text:000000000000038c .LVL65
     /tmp/ccBxYUsh.s:856    .text:000000000000034c .LFB50
     /tmp/ccBxYUsh.s:881    .text:0000000000000374 .LFE50
     /tmp/ccBxYUsh.s:870    .text:0000000000000364 .LVL63
     /tmp/ccBxYUsh.s:4300   .debug_str:00000000000002ed .LASF102
     /tmp/ccBxYUsh.s:804    .text:00000000000002fc .LFB48
     /tmp/ccBxYUsh.s:848    .text:000000000000034c .LFE48
     /tmp/ccBxYUsh.s:3855   .debug_loc:00000000000000f4 .LLST20
     /tmp/ccBxYUsh.s:3873   .debug_loc:0000000000000140 .LLST21
     /tmp/ccBxYUsh.s:825    .text:0000000000000324 .LVL60
     /tmp/ccBxYUsh.s:770    .text:00000000000002d0 .LFB46
     /tmp/ccBxYUsh.s:798    .text:00000000000002fc .LFE46
     /tmp/ccBxYUsh.s:3892   .debug_loc:000000000000018d .LLST18
     /tmp/ccBxYUsh.s:3906   .debug_loc:00000000000001c6 .LLST19
     /tmp/ccBxYUsh.s:787    .text:00000000000002ec .LVL58
     /tmp/ccBxYUsh.s:736    .text:00000000000002a4 .LFB45
     /tmp/ccBxYUsh.s:764    .text:00000000000002d0 .LFE45
     /tmp/ccBxYUsh.s:3920   .debug_loc:00000000000001ff .LLST17
     /tmp/ccBxYUsh.s:753    .text:00000000000002c0 .LVL55
     /tmp/ccBxYUsh.s:702    .text:0000000000000278 .LFB44
     /tmp/ccBxYUsh.s:730    .text:00000000000002a4 .LFE44
     /tmp/ccBxYUsh.s:3934   .debug_loc:0000000000000238 .LLST16
     /tmp/ccBxYUsh.s:719    .text:0000000000000294 .LVL52
     /tmp/ccBxYUsh.s:668    .text:000000000000024c .LFB43
     /tmp/ccBxYUsh.s:696    .text:0000000000000278 .LFE43
     /tmp/ccBxYUsh.s:3948   .debug_loc:0000000000000271 .LLST15
     /tmp/ccBxYUsh.s:685    .text:0000000000000268 .LVL49
     /tmp/ccBxYUsh.s:4296   .debug_str:00000000000002c5 .LASF103
     /tmp/ccBxYUsh.s:395    .text:00000000000000d0 .LFB42
     /tmp/ccBxYUsh.s:428    .text:0000000000000110 .LFE42
     /tmp/ccBxYUsh.s:3962   .debug_loc:00000000000002aa .LLST9
     /tmp/ccBxYUsh.s:412    .text:00000000000000f0 .LVL29
     /tmp/ccBxYUsh.s:415    .text:00000000000000fc .LVL30
     /tmp/ccBxYUsh.s:4236   .debug_str:00000000000000d1 .LASF104
     /tmp/ccBxYUsh.s:345    .text:0000000000000098 .LFB40
     /tmp/ccBxYUsh.s:380    .text:00000000000000d0 .LFE40
     /tmp/ccBxYUsh.s:3980   .debug_loc:00000000000002f6 .LLST8
     /tmp/ccBxYUsh.s:368    .text:00000000000000c0 .LVL27
     /tmp/ccBxYUsh.s:4214   .debug_str:000000000000003b .LASF105
GAS LISTING /tmp/ccBxYUsh.s 			page 32


     /tmp/ccBxYUsh.s:4474   .debug_str:00000000000008c7 .LASF106
     /tmp/ccBxYUsh.s:627    .text:0000000000000214 .LFB37
     /tmp/ccBxYUsh.s:660    .text:000000000000024c .LFE37
     /tmp/ccBxYUsh.s:3994   .debug_loc:000000000000032f .LLST13
     /tmp/ccBxYUsh.s:4014   .debug_loc:000000000000037d .LLST14
     /tmp/ccBxYUsh.s:648    .text:000000000000023c .LVL46
     /tmp/ccBxYUsh.s:595    .text:00000000000001ec .LFB35
     /tmp/ccBxYUsh.s:621    .text:0000000000000214 .LFE35
     /tmp/ccBxYUsh.s:4028   .debug_loc:00000000000003b6 .LLST12
     /tmp/ccBxYUsh.s:610    .text:0000000000000204 .LVL43
     /tmp/ccBxYUsh.s:540    .text:0000000000000198 .LFB34
     /tmp/ccBxYUsh.s:589    .text:00000000000001ec .LFE34
     /tmp/ccBxYUsh.s:4042   .debug_loc:00000000000003ef .LLST11
     /tmp/ccBxYUsh.s:563    .text:00000000000001c0 .LVL38
     /tmp/ccBxYUsh.s:585    .text:00000000000001e8 .LVL41
     /tmp/ccBxYUsh.s:4266   .debug_str:0000000000000211 .LASF107
     /tmp/ccBxYUsh.s:180    .text:0000000000000058 .LFB33
     /tmp/ccBxYUsh.s:213    .text:0000000000000098 .LFE33
     /tmp/ccBxYUsh.s:4077   .debug_loc:0000000000000479 .LLST3
     /tmp/ccBxYUsh.s:197    .text:0000000000000078 .LVL11
     /tmp/ccBxYUsh.s:200    .text:0000000000000084 .LVL12
     /tmp/ccBxYUsh.s:4454   .debug_str:0000000000000779 .LASF108
     /tmp/ccBxYUsh.s:104    .text:0000000000000000 .LFB31
     /tmp/ccBxYUsh.s:164    .text:0000000000000058 .LFE31
     /tmp/ccBxYUsh.s:4095   .debug_loc:00000000000004c5 .LLST1
     /tmp/ccBxYUsh.s:131    .text:0000000000000028 .LBB10
     /tmp/ccBxYUsh.s:145    .text:0000000000000038 .LBE10
     /tmp/ccBxYUsh.s:4109   .debug_loc:00000000000004fe .LLST2
     /tmp/ccBxYUsh.s:142    .text:0000000000000038 .LVL8
     /tmp/ccBxYUsh.s:149    .text:0000000000000044 .LVL9
     /tmp/ccBxYUsh.s:509    .text:0000000000000170 .LFB29
     /tmp/ccBxYUsh.s:534    .text:0000000000000198 .LFE29
     /tmp/ccBxYUsh.s:523    .text:0000000000000188 .LVL35
     /tmp/ccBxYUsh.s:4270   .debug_str:000000000000022b .LASF109
     /tmp/ccBxYUsh.s:472    .text:0000000000000140 .LFB27
     /tmp/ccBxYUsh.s:501    .text:0000000000000170 .LFE27
     /tmp/ccBxYUsh.s:4116   .debug_loc:0000000000000521 .LLST10
     /tmp/ccBxYUsh.s:489    .text:0000000000000160 .LVL34
     /tmp/ccBxYUsh.s:4302   .debug_str:0000000000000305 .LASF110
     /tmp/ccBxYUsh.s:434    .text:0000000000000110 .LFB24
     /tmp/ccBxYUsh.s:464    .text:0000000000000140 .LFE24
     /tmp/ccBxYUsh.s:4482   .debug_str:0000000000000906 .LASF149
     /tmp/ccBxYUsh.s:304    .text._ZN14PeriodicThread3runEv:0000000000000000 .LFB3
     /tmp/ccBxYUsh.s:338    .text._ZN14PeriodicThread3runEv:0000000000000038 .LFE3
     /tmp/ccBxYUsh.s:4130   .debug_loc:000000000000055a .LLST7
     /tmp/ccBxYUsh.s:329    .text._ZN14PeriodicThread3runEv:0000000000000028 .LVL23
     /tmp/ccBxYUsh.s:334    .text._ZN14PeriodicThread3runEv:0000000000000034 .LVL24
     /tmp/ccBxYUsh.s:79     .text._ZN14PeriodicThread18periodicActivationEv:0000000000000000 .LFB2
     /tmp/ccBxYUsh.s:97     .text._ZN14PeriodicThread18periodicActivationEv:0000000000000018 .LFE2
     /tmp/ccBxYUsh.s:37     .text._ZN6Thread10runWrapperEPv:0000000000000000 .LFB1
     /tmp/ccBxYUsh.s:72     .text._ZN6Thread10runWrapperEPv:0000000000000034 .LFE1
     /tmp/ccBxYUsh.s:4141   .debug_loc:0000000000000590 .LLST0
     /tmp/ccBxYUsh.s:58     .text._ZN6Thread10runWrapperEPv:0000000000000020 .LVL2
     /tmp/ccBxYUsh.s:11     .text._ZN6Thread3runEv:0000000000000000 .LFB0
     /tmp/ccBxYUsh.s:30     .text._ZN6Thread3runEv:0000000000000018 .LFE0
     /tmp/ccBxYUsh.s:4502   .debug_str:00000000000009ae .LASF111
     /tmp/ccBxYUsh.s:4446   .debug_str:000000000000072b .LASF113
GAS LISTING /tmp/ccBxYUsh.s 			page 33


     /tmp/ccBxYUsh.s:4294   .debug_str:00000000000002bc .LASF112
     /tmp/ccBxYUsh.s:4440   .debug_str:00000000000006ff .LASF114
     /tmp/ccBxYUsh.s:4358   .debug_str:00000000000004af .LASF116
     /tmp/ccBxYUsh.s:4286   .debug_str:000000000000028d .LASF117
     /tmp/ccBxYUsh.s:4280   .debug_str:0000000000000269 .LASF118
     /tmp/ccBxYUsh.s:4466   .debug_str:000000000000088c .LASF119
     /tmp/ccBxYUsh.s:4480   .debug_str:00000000000008f1 .LASF120
     /tmp/ccBxYUsh.s:4268   .debug_str:0000000000000220 .LASF121
     /tmp/ccBxYUsh.s:4240   .debug_str:00000000000000f2 .LASF122
     /tmp/ccBxYUsh.s:4252   .debug_str:0000000000000167 .LASF123
     /tmp/ccBxYUsh.s:4408   .debug_str:0000000000000604 .LASF124
     /tmp/ccBxYUsh.s:4450   .debug_str:000000000000074f .LASF125
     /tmp/ccBxYUsh.s:4258   .debug_str:00000000000001b1 .LASF126
     /tmp/ccBxYUsh.s:4288   .debug_str:000000000000029b .LASF127
     /tmp/ccBxYUsh.s:4490   .debug_str:0000000000000954 .LASF128
     /tmp/ccBxYUsh.s:4336   .debug_str:0000000000000412 .LASF129
     /tmp/ccBxYUsh.s:4498   .debug_str:0000000000000983 .LASF130
     /tmp/ccBxYUsh.s:4276   .debug_str:0000000000000256 .LASF131
     /tmp/ccBxYUsh.s:4386   .debug_str:0000000000000575 .LASF132
     /tmp/ccBxYUsh.s:4260   .debug_str:00000000000001c5 .LASF133
     /tmp/ccBxYUsh.s:4274   .debug_str:0000000000000241 .LASF134
     /tmp/ccBxYUsh.s:4348   .debug_str:000000000000046f .LASF135
     /tmp/ccBxYUsh.s:260    .text._ZN14PeriodicThreadD0Ev:0000000000000000 .LVL16
     /tmp/ccBxYUsh.s:292    .text._ZN14PeriodicThreadD0Ev:0000000000000044 .LVL20
     /tmp/ccBxYUsh.s:272    .text._ZN14PeriodicThreadD0Ev:0000000000000018 .LVL17
     /tmp/ccBxYUsh.s:223    .text._ZN14PeriodicThreadD2Ev:0000000000000000 .LVL14
     /tmp/ccBxYUsh.s:890    .text:0000000000000374 .LVL64
     /tmp/ccBxYUsh.s:807    .text:00000000000002fc .LVL59
     /tmp/ccBxYUsh.s:840    .text:0000000000000340 .LVL61
     /tmp/ccBxYUsh.s:843    .text:0000000000000344 .LVL62
     /tmp/ccBxYUsh.s:773    .text:00000000000002d0 .LVL56
     /tmp/ccBxYUsh.s:785    .text:00000000000002e4 .LVL57
     /tmp/ccBxYUsh.s:739    .text:00000000000002a4 .LVL53
     /tmp/ccBxYUsh.s:751    .text:00000000000002b8 .LVL54
     /tmp/ccBxYUsh.s:705    .text:0000000000000278 .LVL50
     /tmp/ccBxYUsh.s:717    .text:000000000000028c .LVL51
     /tmp/ccBxYUsh.s:671    .text:000000000000024c .LVL47
     /tmp/ccBxYUsh.s:683    .text:0000000000000260 .LVL48
     /tmp/ccBxYUsh.s:398    .text:00000000000000d0 .LVL28
     /tmp/ccBxYUsh.s:423    .text:0000000000000108 .LVL31
     /tmp/ccBxYUsh.s:350    .text:0000000000000098 .LVL25
     /tmp/ccBxYUsh.s:366    .text:00000000000000b8 .LVL26
     /tmp/ccBxYUsh.s:630    .text:0000000000000214 .LVL44
     /tmp/ccBxYUsh.s:646    .text:0000000000000234 .LVL45
     /tmp/ccBxYUsh.s:598    .text:00000000000001ec .LVL42
     /tmp/ccBxYUsh.s:543    .text:0000000000000198 .LVL36
     /tmp/ccBxYUsh.s:561    .text:00000000000001b8 .LVL37
     /tmp/ccBxYUsh.s:575    .text:00000000000001d0 .LVL39
     /tmp/ccBxYUsh.s:583    .text:00000000000001e0 .LVL40
     /tmp/ccBxYUsh.s:183    .text:0000000000000058 .LVL10
     /tmp/ccBxYUsh.s:208    .text:0000000000000090 .LVL13
     /tmp/ccBxYUsh.s:110    .text:0000000000000000 .LVL5
     /tmp/ccBxYUsh.s:137    .text:000000000000002c .LVL7
     /tmp/ccBxYUsh.s:130    .text:0000000000000028 .LVL6
     /tmp/ccBxYUsh.s:475    .text:0000000000000140 .LVL33
     /tmp/ccBxYUsh.s:307    .text._ZN14PeriodicThread3runEv:0000000000000000 .LVL21
     /tmp/ccBxYUsh.s:319    .text._ZN14PeriodicThread3runEv:0000000000000018 .LVL22
GAS LISTING /tmp/ccBxYUsh.s 			page 34


     /tmp/ccBxYUsh.s:40     .text._ZN6Thread10runWrapperEPv:0000000000000000 .LVL1
     /tmp/ccBxYUsh.s:68     .text._ZN6Thread10runWrapperEPv:0000000000000030 .LVL3
     /tmp/ccBxYUsh.s:953    .debug_info:0000000000000000 .Ldebug_info0
     /tmp/ccBxYUsh.s:5      .text:0000000000000000 .Ltext0
     /tmp/ccBxYUsh.s:949    .text:000000000000039c .Letext0
     /tmp/ccBxYUsh.s:167    .gcc_except_table:0000000000000000 .LLSDA31
     /tmp/ccBxYUsh.s:382    .gcc_except_table:0000000000000004 .LLSDA40
                           .group:0000000000000000 _ZN14PeriodicThreadD5Ev

UNDEFINED SYMBOLS
_ZdaPv
_ZdlPv
__gxx_personality_v0
_Z10time_sleepm
_Z9sem_closeP4_sem
_Z15thread_dispatchv
_Z13thread_createPP7_threadPFvPvES2_
_Z8sem_openPP4_semj
_Z8sem_waitP4_sem
_Z10sem_signalP4_sem
_Z11sem_trywaitP4_sem
_Z13sem_timedwaitP4_semm
_Z4getcv
_Z4putcc
